[2026-03-20T02:28:49.042+0000] {manager.py:470} INFO - Processing files using up to 2 processes at a time 
[2026-03-20T02:28:49.042+0000] {manager.py:471} INFO - Process each file at most once every 30 seconds
[2026-03-20T02:28:49.043+0000] {manager.py:472} INFO - Checking for new files in /opt/airflow/dags every 60 seconds
[2026-03-20T02:28:49.043+0000] {manager.py:737} INFO - Searching for files in /opt/airflow/dags
[2026-03-20T02:28:49.046+0000] {manager.py:740} INFO - There are 1 files in /opt/airflow/dags
[2026-03-20T02:28:49.544+0000] {manager.py:878} INFO - 
================================================================================
DAG File Processing Stats

File Path                           PID  Runtime      # DAGs    # Errors  Last Runtime    Last Run
--------------------------------  -----  ---------  --------  ----------  --------------  ----------
/opt/airflow/dags/taxiops_dag.py    172  0.14s             0           0
================================================================================
[2026-03-20T02:29:21.086+0000] {manager.py:878} INFO - 
================================================================================
DAG File Processing Stats

File Path                         PID    Runtime      # DAGs    # Errors  Last Runtime    Last Run
--------------------------------  -----  ---------  --------  ----------  --------------  -------------------
/opt/airflow/dags/taxiops_dag.py                           1           0  0.35s           2026-03-20T02:29:21
================================================================================
[2026-03-20T02:29:49.172+0000] {manager.py:737} INFO - Searching for files in /opt/airflow/dags
[2026-03-20T02:29:49.178+0000] {manager.py:740} INFO - There are 1 files in /opt/airflow/dags
[2026-03-20T02:29:52.524+0000] {manager.py:878} INFO - 
================================================================================
DAG File Processing Stats

File Path                         PID    Runtime      # DAGs    # Errors  Last Runtime    Last Run
--------------------------------  -----  ---------  --------  ----------  --------------  -------------------
/opt/airflow/dags/taxiops_dag.py                           1           0  0.57s           2026-03-20T02:29:51
================================================================================
[2026-03-20T02:30:24.143+0000] {manager.py:878} INFO - 
================================================================================
DAG File Processing Stats

File Path                         PID    Runtime      # DAGs    # Errors  Last Runtime    Last Run
--------------------------------  -----  ---------  --------  ----------  --------------  -------------------
/opt/airflow/dags/taxiops_dag.py                           1           0  0.62s           2026-03-20T02:30:22
================================================================================
[2026-03-20T02:30:49.500+0000] {manager.py:737} INFO - Searching for files in /opt/airflow/dags
[2026-03-20T02:30:49.515+0000] {manager.py:740} INFO - There are 1 files in /opt/airflow/dags
[2026-03-20T02:30:55.598+0000] {manager.py:878} INFO - 
================================================================================
DAG File Processing Stats

File Path                         PID    Runtime      # DAGs    # Errors  Last Runtime    Last Run
--------------------------------  -----  ---------  --------  ----------  --------------  -------------------
/opt/airflow/dags/taxiops_dag.py                           1           0  1.24s           2026-03-20T02:30:53
================================================================================
[2026-03-20T02:31:27.339+0000] {manager.py:878} INFO - 
================================================================================
DAG File Processing Stats

File Path                         PID    Runtime      # DAGs    # Errors  Last Runtime    Last Run
--------------------------------  -----  ---------  --------  ----------  --------------  -------------------
/opt/airflow/dags/taxiops_dag.py                           1           0  0.65s           2026-03-20T02:31:25
================================================================================
[2026-03-20T02:31:50.636+0000] {manager.py:737} INFO - Searching for files in /opt/airflow/dags
[2026-03-20T02:31:50.765+0000] {manager.py:740} INFO - There are 1 files in /opt/airflow/dags
[2026-03-20T02:31:59.240+0000] {manager.py:878} INFO - 
================================================================================
DAG File Processing Stats

File Path                           PID  Runtime      # DAGs    # Errors  Last Runtime    Last Run
--------------------------------  -----  ---------  --------  ----------  --------------  -------------------
/opt/airflow/dags/taxiops_dag.py    206  2.31s             1           0  0.65s           2026-03-20T02:31:25
================================================================================
[2026-03-20T02:32:30.541+0000] {manager.py:878} INFO - 
================================================================================
DAG File Processing Stats

File Path                         PID    Runtime      # DAGs    # Errors  Last Runtime    Last Run
--------------------------------  -----  ---------  --------  ----------  --------------  -------------------
/opt/airflow/dags/taxiops_dag.py                           1           0  0.36s           2026-03-20T02:32:11
================================================================================
[2026-03-20T02:32:50.692+0000] {manager.py:737} INFO - Searching for files in /opt/airflow/dags
[2026-03-20T02:32:50.708+0000] {manager.py:740} INFO - There are 1 files in /opt/airflow/dags
[2026-03-20T02:33:02.043+0000] {manager.py:878} INFO - 
================================================================================
DAG File Processing Stats

File Path                         PID    Runtime      # DAGs    # Errors  Last Runtime    Last Run
--------------------------------  -----  ---------  --------  ----------  --------------  -------------------
/opt/airflow/dags/taxiops_dag.py                           1           0  0.30s           2026-03-20T02:32:41
================================================================================
[2026-03-20T02:33:33.607+0000] {manager.py:878} INFO - 
================================================================================
DAG File Processing Stats

File Path                         PID    Runtime      # DAGs    # Errors  Last Runtime    Last Run
--------------------------------  -----  ---------  --------  ----------  --------------  -------------------
/opt/airflow/dags/taxiops_dag.py                           1           0  0.52s           2026-03-20T02:33:12
================================================================================
[2026-03-20T02:33:50.918+0000] {manager.py:737} INFO - Searching for files in /opt/airflow/dags
[2026-03-20T02:33:50.930+0000] {manager.py:740} INFO - There are 1 files in /opt/airflow/dags
[2026-03-20T02:34:05.081+0000] {manager.py:878} INFO - 
================================================================================
DAG File Processing Stats

File Path                         PID    Runtime      # DAGs    # Errors  Last Runtime    Last Run
--------------------------------  -----  ---------  --------  ----------  --------------  -------------------
/opt/airflow/dags/taxiops_dag.py                           1           0  0.92s           2026-03-20T02:33:43
================================================================================
[2026-03-20T02:35:23.946+0000] {manager.py:878} INFO - 
================================================================================
DAG File Processing Stats

File Path                           PID  Runtime      # DAGs    # Errors  Last Runtime    Last Run
--------------------------------  -----  ---------  --------  ----------  --------------  -------------------
/opt/airflow/dags/taxiops_dag.py    231  37.20s            1           0  0.92s           2026-03-20T02:33:43
================================================================================
[2026-03-20T02:40:31.065+0000] {manager.py:737} INFO - Searching for files in /opt/airflow/dags
[2026-03-20T02:40:31.177+0000] {manager.py:740} INFO - There are 1 files in /opt/airflow/dags
[2026-03-20T02:40:31.747+0000] {manager.py:1203} ERROR - Processor for /opt/airflow/dags/taxiops_dag.py with PID 231 started at 2026-03-20T02:34:16.222612+00:00 has timed out, killing it.
[2026-03-20T02:40:31.788+0000] {manager.py:878} INFO - 
================================================================================
DAG File Processing Stats

File Path                         PID    Runtime      # DAGs    # Errors  Last Runtime    Last Run
--------------------------------  -----  ---------  --------  ----------  --------------  -------------------
/opt/airflow/dags/taxiops_dag.py                           0           1  375.51s         2026-03-20T02:40:31
================================================================================
[2026-03-20T02:41:05.831+0000] {manager.py:878} INFO - 
================================================================================
DAG File Processing Stats

File Path                           PID  Runtime      # DAGs    # Errors  Last Runtime    Last Run
--------------------------------  -----  ---------  --------  ----------  --------------  -------------------
/opt/airflow/dags/taxiops_dag.py    237  0.02s             0           1  375.51s         2026-03-20T02:40:31
================================================================================
[2026-03-20T02:41:31.831+0000] {manager.py:737} INFO - Searching for files in /opt/airflow/dags
[2026-03-20T02:41:31.834+0000] {manager.py:740} INFO - There are 1 files in /opt/airflow/dags
[2026-03-20T02:41:36.884+0000] {manager.py:878} INFO - 
================================================================================
DAG File Processing Stats

File Path                         PID    Runtime      # DAGs    # Errors  Last Runtime    Last Run
--------------------------------  -----  ---------  --------  ----------  --------------  -------------------
/opt/airflow/dags/taxiops_dag.py                           1           0  1.91s           2026-03-20T02:41:07
================================================================================
[2026-03-20T02:42:10.043+0000] {manager.py:878} INFO - 
================================================================================
DAG File Processing Stats

File Path                         PID    Runtime      # DAGs    # Errors  Last Runtime    Last Run
--------------------------------  -----  ---------  --------  ----------  --------------  -------------------
/opt/airflow/dags/taxiops_dag.py                           1           0  0.58s           2026-03-20T02:41:39
================================================================================
[2026-03-20T02:42:32.910+0000] {manager.py:737} INFO - Searching for files in /opt/airflow/dags
[2026-03-20T02:42:32.970+0000] {manager.py:740} INFO - There are 1 files in /opt/airflow/dags
[2026-03-20T02:42:42.296+0000] {manager.py:878} INFO - 
================================================================================
DAG File Processing Stats

File Path                         PID    Runtime      # DAGs    # Errors  Last Runtime    Last Run
--------------------------------  -----  ---------  --------  ----------  --------------  -------------------
/opt/airflow/dags/taxiops_dag.py                           1           0  12.60s          2026-03-20T02:42:26
================================================================================
[2026-03-20T02:43:35.769+0000] {manager.py:737} INFO - Searching for files in /opt/airflow/dags
[2026-03-20T02:43:40.212+0000] {manager.py:740} INFO - There are 1 files in /opt/airflow/dags
[2026-03-20T02:44:04.249+0000] {manager.py:1203} ERROR - Processor for /opt/airflow/dags/taxiops_dag.py with PID 257 started at 2026-03-20T02:42:57.226937+00:00 has timed out, killing it.
[2026-03-20T02:44:05.779+0000] {manager.py:878} INFO - 
================================================================================
DAG File Processing Stats

File Path                         PID    Runtime      # DAGs    # Errors  Last Runtime    Last Run
--------------------------------  -----  ---------  --------  ----------  --------------  -------------------
/opt/airflow/dags/taxiops_dag.py                           0           1  66.99s          2026-03-20T02:44:04
================================================================================
[2026-03-20T02:45:23.765+0000] {manager.py:737} INFO - Searching for files in /opt/airflow/dags
[2026-03-20T02:45:38.876+0000] {manager.py:740} INFO - There are 1 files in /opt/airflow/dags
[2026-03-20T02:45:40.350+0000] {manager.py:878} INFO - 
================================================================================
DAG File Processing Stats

File Path                           PID  Runtime      # DAGs    # Errors  Last Runtime    Last Run
--------------------------------  -----  ---------  --------  ----------  --------------  -------------------
/opt/airflow/dags/taxiops_dag.py    261  0.03s             0           1  66.99s          2026-03-20T02:44:04
================================================================================
[2026-03-20T02:46:25.323+0000] {manager.py:737} INFO - Searching for files in /opt/airflow/dags
[2026-03-20T02:46:25.341+0000] {manager.py:740} INFO - There are 1 files in /opt/airflow/dags
[2026-03-20T02:46:25.403+0000] {manager.py:878} INFO - 
================================================================================
DAG File Processing Stats

File Path                           PID  Runtime      # DAGs    # Errors  Last Runtime    Last Run
--------------------------------  -----  ---------  --------  ----------  --------------  -------------------
/opt/airflow/dags/taxiops_dag.py    261  45.10s            0           1  66.99s          2026-03-20T02:44:04
================================================================================
[2026-03-20T02:48:35.820+0000] {manager.py:470} INFO - Processing files using up to 2 processes at a time 
[2026-03-20T02:48:38.489+0000] {manager.py:471} INFO - Process each file at most once every 30 seconds
[2026-03-20T02:48:38.490+0000] {manager.py:472} INFO - Checking for new files in /opt/airflow/dags every 60 seconds
[2026-03-20T02:48:38.490+0000] {manager.py:737} INFO - Searching for files in /opt/airflow/dags
[2026-03-20T02:48:38.673+0000] {manager.py:740} INFO - There are 1 files in /opt/airflow/dags
[2026-03-20T02:48:48.661+0000] {manager.py:878} INFO - 
================================================================================
DAG File Processing Stats

File Path                           PID  Runtime      # DAGs    # Errors  Last Runtime    Last Run
--------------------------------  -----  ---------  --------  ----------  --------------  ----------
/opt/airflow/dags/taxiops_dag.py    173  3.64s             0           0
================================================================================
[2026-03-20T02:49:20.332+0000] {manager.py:878} INFO - 
================================================================================
DAG File Processing Stats

File Path                         PID    Runtime      # DAGs    # Errors  Last Runtime    Last Run
--------------------------------  -----  ---------  --------  ----------  --------------  -------------------
/opt/airflow/dags/taxiops_dag.py                           1           0  0.21s           2026-03-20T02:49:19
================================================================================
[2026-03-20T02:49:38.636+0000] {manager.py:737} INFO - Searching for files in /opt/airflow/dags
[2026-03-20T02:49:38.639+0000] {manager.py:740} INFO - There are 1 files in /opt/airflow/dags
[2026-03-20T02:49:52.167+0000] {manager.py:878} INFO - 
================================================================================
DAG File Processing Stats

File Path                         PID    Runtime      # DAGs    # Errors  Last Runtime    Last Run
--------------------------------  -----  ---------  --------  ----------  --------------  -------------------
/opt/airflow/dags/taxiops_dag.py                           1           0  0.31s           2026-03-20T02:49:50
================================================================================
[2026-03-20T02:50:23.817+0000] {manager.py:878} INFO - 
================================================================================
DAG File Processing Stats

File Path                         PID    Runtime      # DAGs    # Errors  Last Runtime    Last Run
--------------------------------  -----  ---------  --------  ----------  --------------  -------------------
/opt/airflow/dags/taxiops_dag.py                           1           0  0.26s           2026-03-20T02:50:20
================================================================================
[2026-03-20T02:50:38.896+0000] {manager.py:737} INFO - Searching for files in /opt/airflow/dags
[2026-03-20T02:50:38.908+0000] {manager.py:740} INFO - There are 1 files in /opt/airflow/dags
[2026-03-20T02:50:55.836+0000] {manager.py:878} INFO - 
================================================================================
DAG File Processing Stats

File Path                         PID    Runtime      # DAGs    # Errors  Last Runtime    Last Run
--------------------------------  -----  ---------  --------  ----------  --------------  -------------------
/opt/airflow/dags/taxiops_dag.py                           1           0  3.22s           2026-03-20T02:50:54
================================================================================
[2026-03-20T02:51:27.676+0000] {manager.py:878} INFO - 
================================================================================
DAG File Processing Stats

File Path                         PID    Runtime      # DAGs    # Errors  Last Runtime    Last Run
--------------------------------  -----  ---------  --------  ----------  --------------  -------------------
/opt/airflow/dags/taxiops_dag.py                           1           0  0.41s           2026-03-20T02:51:27
================================================================================
[2026-03-20T02:51:39.123+0000] {manager.py:737} INFO - Searching for files in /opt/airflow/dags
[2026-03-20T02:51:39.128+0000] {manager.py:740} INFO - There are 1 files in /opt/airflow/dags
[2026-03-20T02:51:59.619+0000] {manager.py:878} INFO - 
================================================================================
DAG File Processing Stats

File Path                         PID    Runtime      # DAGs    # Errors  Last Runtime    Last Run
--------------------------------  -----  ---------  --------  ----------  --------------  -------------------
/opt/airflow/dags/taxiops_dag.py                           1           0  0.33s           2026-03-20T02:51:58
================================================================================
[2026-03-20T02:52:31.536+0000] {manager.py:878} INFO - 
================================================================================
DAG File Processing Stats

File Path                         PID    Runtime      # DAGs    # Errors  Last Runtime    Last Run
--------------------------------  -----  ---------  --------  ----------  --------------  -------------------
/opt/airflow/dags/taxiops_dag.py                           1           0  0.34s           2026-03-20T02:52:30
================================================================================
[2026-03-20T02:52:39.597+0000] {manager.py:737} INFO - Searching for files in /opt/airflow/dags
[2026-03-20T02:52:39.605+0000] {manager.py:740} INFO - There are 1 files in /opt/airflow/dags
[2026-03-20T02:53:03.421+0000] {manager.py:878} INFO - 
================================================================================
DAG File Processing Stats

File Path                         PID    Runtime      # DAGs    # Errors  Last Runtime    Last Run
--------------------------------  -----  ---------  --------  ----------  --------------  -------------------
/opt/airflow/dags/taxiops_dag.py                           1           0  0.36s           2026-03-20T02:53:02
================================================================================
[2026-03-20T02:53:35.592+0000] {manager.py:878} INFO - 
================================================================================
DAG File Processing Stats

File Path                         PID    Runtime      # DAGs    # Errors  Last Runtime    Last Run
--------------------------------  -----  ---------  --------  ----------  --------------  -------------------
/opt/airflow/dags/taxiops_dag.py                           1           0  0.34s           2026-03-20T02:53:33
================================================================================
[2026-03-20T02:53:39.613+0000] {manager.py:737} INFO - Searching for files in /opt/airflow/dags
[2026-03-20T02:53:39.617+0000] {manager.py:740} INFO - There are 1 files in /opt/airflow/dags
[2026-03-20T02:54:07.512+0000] {manager.py:878} INFO - 
================================================================================
DAG File Processing Stats

File Path                         PID    Runtime      # DAGs    # Errors  Last Runtime    Last Run
--------------------------------  -----  ---------  --------  ----------  --------------  -------------------
/opt/airflow/dags/taxiops_dag.py                           1           0  0.29s           2026-03-20T02:54:05
================================================================================
[2026-03-20T02:54:39.475+0000] {manager.py:878} INFO - 
================================================================================
DAG File Processing Stats

File Path                         PID    Runtime      # DAGs    # Errors  Last Runtime    Last Run
--------------------------------  -----  ---------  --------  ----------  --------------  -------------------
/opt/airflow/dags/taxiops_dag.py                           1           0  0.37s           2026-03-20T02:54:37
================================================================================
[2026-03-20T02:54:40.483+0000] {manager.py:737} INFO - Searching for files in /opt/airflow/dags
[2026-03-20T02:54:40.493+0000] {manager.py:740} INFO - There are 1 files in /opt/airflow/dags
[2026-03-20T02:55:11.452+0000] {manager.py:878} INFO - 
================================================================================
DAG File Processing Stats

File Path                         PID    Runtime      # DAGs    # Errors  Last Runtime    Last Run
--------------------------------  -----  ---------  --------  ----------  --------------  -------------------
/opt/airflow/dags/taxiops_dag.py                           1           0  0.58s           2026-03-20T02:55:08
================================================================================
[2026-03-20T02:55:40.628+0000] {manager.py:737} INFO - Searching for files in /opt/airflow/dags
[2026-03-20T02:55:40.631+0000] {manager.py:740} INFO - There are 1 files in /opt/airflow/dags
[2026-03-20T02:55:43.316+0000] {manager.py:878} INFO - 
================================================================================
DAG File Processing Stats

File Path                         PID    Runtime      # DAGs    # Errors  Last Runtime    Last Run
--------------------------------  -----  ---------  --------  ----------  --------------  -------------------
/opt/airflow/dags/taxiops_dag.py                           1           0  0.33s           2026-03-20T02:55:40
================================================================================
[2026-03-20T02:56:15.686+0000] {manager.py:878} INFO - 
================================================================================
DAG File Processing Stats

File Path                         PID    Runtime      # DAGs    # Errors  Last Runtime    Last Run
--------------------------------  -----  ---------  --------  ----------  --------------  -------------------
/opt/airflow/dags/taxiops_dag.py                           1           0  0.22s           2026-03-20T02:56:14
================================================================================
[2026-03-20T02:56:40.865+0000] {manager.py:737} INFO - Searching for files in /opt/airflow/dags
[2026-03-20T02:56:40.877+0000] {manager.py:740} INFO - There are 1 files in /opt/airflow/dags
[2026-03-20T02:56:47.637+0000] {manager.py:878} INFO - 
================================================================================
DAG File Processing Stats

File Path                         PID    Runtime      # DAGs    # Errors  Last Runtime    Last Run
--------------------------------  -----  ---------  --------  ----------  --------------  -------------------
/opt/airflow/dags/taxiops_dag.py                           1           0  0.33s           2026-03-20T02:56:45
================================================================================
[2026-03-20T02:57:19.606+0000] {manager.py:878} INFO - 
================================================================================
DAG File Processing Stats

File Path                         PID    Runtime      # DAGs    # Errors  Last Runtime    Last Run
--------------------------------  -----  ---------  --------  ----------  --------------  -------------------
/opt/airflow/dags/taxiops_dag.py                           1           0  0.34s           2026-03-20T02:57:16
================================================================================
[2026-03-20T02:57:41.746+0000] {manager.py:737} INFO - Searching for files in /opt/airflow/dags
[2026-03-20T02:57:41.753+0000] {manager.py:740} INFO - There are 1 files in /opt/airflow/dags
[2026-03-20T02:57:51.538+0000] {manager.py:878} INFO - 
================================================================================
DAG File Processing Stats

File Path                         PID    Runtime      # DAGs    # Errors  Last Runtime    Last Run
--------------------------------  -----  ---------  --------  ----------  --------------  -------------------
/opt/airflow/dags/taxiops_dag.py                           1           0  0.30s           2026-03-20T02:57:47
================================================================================
[2026-03-20T02:58:23.592+0000] {manager.py:878} INFO - 
================================================================================
DAG File Processing Stats

File Path                         PID    Runtime      # DAGs    # Errors  Last Runtime    Last Run
--------------------------------  -----  ---------  --------  ----------  --------------  -------------------
/opt/airflow/dags/taxiops_dag.py                           1           0  0.36s           2026-03-20T02:58:18
================================================================================
[2026-03-20T02:58:42.197+0000] {manager.py:737} INFO - Searching for files in /opt/airflow/dags
[2026-03-20T02:58:42.203+0000] {manager.py:740} INFO - There are 1 files in /opt/airflow/dags
[2026-03-20T02:58:55.395+0000] {manager.py:878} INFO - 
================================================================================
DAG File Processing Stats

File Path                         PID    Runtime      # DAGs    # Errors  Last Runtime    Last Run
--------------------------------  -----  ---------  --------  ----------  --------------  -------------------
/opt/airflow/dags/taxiops_dag.py                           1           0  0.33s           2026-03-20T02:58:50
================================================================================
[2026-03-20T02:59:27.472+0000] {manager.py:878} INFO - 
================================================================================
DAG File Processing Stats

File Path                         PID    Runtime      # DAGs    # Errors  Last Runtime    Last Run
--------------------------------  -----  ---------  --------  ----------  --------------  -------------------
/opt/airflow/dags/taxiops_dag.py                           1           0  0.41s           2026-03-20T02:59:22
================================================================================
[2026-03-20T02:59:42.566+0000] {manager.py:737} INFO - Searching for files in /opt/airflow/dags
[2026-03-20T02:59:42.575+0000] {manager.py:740} INFO - There are 1 files in /opt/airflow/dags
[2026-03-20T02:59:59.373+0000] {manager.py:878} INFO - 
================================================================================
DAG File Processing Stats

File Path                         PID    Runtime      # DAGs    # Errors  Last Runtime    Last Run
--------------------------------  -----  ---------  --------  ----------  --------------  -------------------
/opt/airflow/dags/taxiops_dag.py                           1           0  0.30s           2026-03-20T02:59:54
================================================================================
[2026-03-20T03:00:31.447+0000] {manager.py:878} INFO - 
================================================================================
DAG File Processing Stats

File Path                         PID    Runtime      # DAGs    # Errors  Last Runtime    Last Run
--------------------------------  -----  ---------  --------  ----------  --------------  -------------------
/opt/airflow/dags/taxiops_dag.py                           1           0  0.30s           2026-03-20T03:00:25
================================================================================
[2026-03-20T03:00:42.777+0000] {manager.py:737} INFO - Searching for files in /opt/airflow/dags
[2026-03-20T03:00:42.785+0000] {manager.py:740} INFO - There are 1 files in /opt/airflow/dags
[2026-03-20T03:01:03.857+0000] {manager.py:878} INFO - 
================================================================================
DAG File Processing Stats

File Path                         PID    Runtime      # DAGs    # Errors  Last Runtime    Last Run
--------------------------------  -----  ---------  --------  ----------  --------------  -------------------
/opt/airflow/dags/taxiops_dag.py                           1           0  0.32s           2026-03-20T03:00:57
================================================================================
[2026-03-20T03:01:35.654+0000] {manager.py:878} INFO - 
================================================================================
DAG File Processing Stats

File Path                         PID    Runtime      # DAGs    # Errors  Last Runtime    Last Run
--------------------------------  -----  ---------  --------  ----------  --------------  -------------------
/opt/airflow/dags/taxiops_dag.py                           1           0  1.81s           2026-03-20T03:01:29
================================================================================
[2026-03-20T03:01:42.869+0000] {manager.py:737} INFO - Searching for files in /opt/airflow/dags
[2026-03-20T03:01:42.887+0000] {manager.py:740} INFO - There are 1 files in /opt/airflow/dags
[2026-03-20T03:02:07.665+0000] {manager.py:878} INFO - 
================================================================================
DAG File Processing Stats

File Path                         PID    Runtime      # DAGs    # Errors  Last Runtime    Last Run
--------------------------------  -----  ---------  --------  ----------  --------------  -------------------
/opt/airflow/dags/taxiops_dag.py                           1           0  0.31s           2026-03-20T03:02:00
================================================================================
[2026-03-20T03:02:39.626+0000] {manager.py:878} INFO - 
================================================================================
DAG File Processing Stats

File Path                         PID    Runtime      # DAGs    # Errors  Last Runtime    Last Run
--------------------------------  -----  ---------  --------  ----------  --------------  -------------------
/opt/airflow/dags/taxiops_dag.py                           1           0  0.76s           2026-03-20T03:02:33
================================================================================
[2026-03-20T03:02:42.963+0000] {manager.py:737} INFO - Searching for files in /opt/airflow/dags
[2026-03-20T03:02:42.973+0000] {manager.py:740} INFO - There are 1 files in /opt/airflow/dags
[2026-03-20T03:03:24.774+0000] {manager.py:878} INFO - 
================================================================================
DAG File Processing Stats

File Path                         PID    Runtime      # DAGs    # Errors  Last Runtime    Last Run
--------------------------------  -----  ---------  --------  ----------  --------------  -------------------
/opt/airflow/dags/taxiops_dag.py                           1           0  0.30s           2026-03-20T03:03:05
================================================================================
[2026-03-20T03:03:48.016+0000] {manager.py:737} INFO - Searching for files in /opt/airflow/dags
[2026-03-20T03:03:48.653+0000] {manager.py:740} INFO - There are 1 files in /opt/airflow/dags
[2026-03-20T03:05:15.863+0000] {manager.py:878} INFO - 
================================================================================
DAG File Processing Stats

File Path                           PID  Runtime      # DAGs    # Errors  Last Runtime    Last Run
--------------------------------  -----  ---------  --------  ----------  --------------  -------------------
/opt/airflow/dags/taxiops_dag.py    361  64.53s            1           0  0.30s           2026-03-20T03:03:05
================================================================================
[2026-03-20T03:05:18.664+0000] {manager.py:737} INFO - Searching for files in /opt/airflow/dags
[2026-03-20T03:05:18.696+0000] {manager.py:740} INFO - There are 1 files in /opt/airflow/dags
[2026-03-20T03:05:18.761+0000] {manager.py:1203} ERROR - Processor for /opt/airflow/dags/taxiops_dag.py with PID 361 started at 2026-03-20T03:03:50.825377+00:00 has timed out, killing it.
[2026-03-20T03:05:49.745+0000] {manager.py:878} INFO - 
================================================================================
DAG File Processing Stats

File Path                         PID    Runtime      # DAGs    # Errors  Last Runtime    Last Run
--------------------------------  -----  ---------  --------  ----------  --------------  -------------------
/opt/airflow/dags/taxiops_dag.py                           1           0  0.80s           2026-03-20T03:05:49
================================================================================
[2026-03-20T03:07:50.603+0000] {manager.py:737} INFO - Searching for files in /opt/airflow/dags
[2026-03-20T03:07:50.716+0000] {manager.py:740} INFO - There are 1 files in /opt/airflow/dags
[2026-03-20T03:07:51.858+0000] {manager.py:878} INFO - 
================================================================================
DAG File Processing Stats

File Path                           PID  Runtime      # DAGs    # Errors  Last Runtime    Last Run
--------------------------------  -----  ---------  --------  ----------  --------------  -------------------
/opt/airflow/dags/taxiops_dag.py    371  0.05s             1           0  0.80s           2026-03-20T03:05:49
================================================================================
[2026-03-20T03:08:40.563+0000] {manager.py:878} INFO - 
================================================================================
DAG File Processing Stats

File Path                           PID  Runtime      # DAGs    # Errors  Last Runtime    Last Run
--------------------------------  -----  ---------  --------  ----------  --------------  -------------------
/opt/airflow/dags/taxiops_dag.py    371  48.88s            1           0  0.80s           2026-03-20T03:05:49
================================================================================
[2026-03-20T03:08:41.910+0000] {manager.py:1203} ERROR - Processor for /opt/airflow/dags/taxiops_dag.py with PID 371 started at 2026-03-20T03:07:51.684126+00:00 has timed out, killing it.
[2026-03-20T03:08:50.984+0000] {manager.py:737} INFO - Searching for files in /opt/airflow/dags
[2026-03-20T03:08:50.986+0000] {manager.py:740} INFO - There are 1 files in /opt/airflow/dags
[2026-03-20T03:09:12.185+0000] {manager.py:878} INFO - 
================================================================================
DAG File Processing Stats

File Path                           PID  Runtime      # DAGs    # Errors  Last Runtime    Last Run
--------------------------------  -----  ---------  --------  ----------  --------------  -------------------
/opt/airflow/dags/taxiops_dag.py    380  0.01s             0           1  50.23s          2026-03-20T03:08:41
================================================================================
[2026-03-20T03:09:46.711+0000] {manager.py:878} INFO - 
================================================================================
DAG File Processing Stats

File Path                           PID  Runtime      # DAGs    # Errors  Last Runtime    Last Run
--------------------------------  -----  ---------  --------  ----------  --------------  -------------------
/opt/airflow/dags/taxiops_dag.py    385  0.09s             1           0  1.09s           2026-03-20T03:09:13
================================================================================
[2026-03-20T03:09:51.012+0000] {manager.py:737} INFO - Searching for files in /opt/airflow/dags
[2026-03-20T03:09:51.037+0000] {manager.py:740} INFO - There are 1 files in /opt/airflow/dags
[2026-03-20T03:10:35.051+0000] {manager.py:1203} ERROR - Processor for /opt/airflow/dags/taxiops_dag.py with PID 385 started at 2026-03-20T03:09:44.202065+00:00 has timed out, killing it.
[2026-03-20T03:10:39.012+0000] {manager.py:878} INFO - 
================================================================================
DAG File Processing Stats

File Path                         PID    Runtime      # DAGs    # Errors  Last Runtime    Last Run
--------------------------------  -----  ---------  --------  ----------  --------------  -------------------
/opt/airflow/dags/taxiops_dag.py                           0           1  50.18s          2026-03-20T03:10:34
================================================================================
[2026-03-20T03:11:10.529+0000] {manager.py:737} INFO - Searching for files in /opt/airflow/dags
[2026-03-20T03:11:20.753+0000] {manager.py:740} INFO - There are 1 files in /opt/airflow/dags
[2026-03-20T03:11:49.526+0000] {manager.py:878} INFO - 
================================================================================
DAG File Processing Stats

File Path                           PID  Runtime      # DAGs    # Errors  Last Runtime    Last Run
--------------------------------  -----  ---------  --------  ----------  --------------  -------------------
/opt/airflow/dags/taxiops_dag.py    388  0.05s             0           1  50.18s          2026-03-20T03:10:34
================================================================================
[2026-03-20T03:13:35.142+0000] {manager.py:470} INFO - Processing files using up to 2 processes at a time 
[2026-03-20T03:13:35.144+0000] {manager.py:471} INFO - Process each file at most once every 30 seconds
[2026-03-20T03:13:35.145+0000] {manager.py:472} INFO - Checking for new files in /opt/airflow/dags every 60 seconds
[2026-03-20T03:13:35.146+0000] {manager.py:737} INFO - Searching for files in /opt/airflow/dags
[2026-03-20T03:13:35.155+0000] {manager.py:740} INFO - There are 1 files in /opt/airflow/dags
[2026-03-20T03:13:36.813+0000] {manager.py:878} INFO - 
================================================================================
DAG File Processing Stats

File Path                           PID  Runtime      # DAGs    # Errors  Last Runtime    Last Run
--------------------------------  -----  ---------  --------  ----------  --------------  ----------
/opt/airflow/dags/taxiops_dag.py    172  1.52s             0           0
================================================================================
[2026-03-20T03:14:08.500+0000] {manager.py:878} INFO - 
================================================================================
DAG File Processing Stats

File Path                         PID    Runtime      # DAGs    # Errors  Last Runtime    Last Run
--------------------------------  -----  ---------  --------  ----------  --------------  -------------------
/opt/airflow/dags/taxiops_dag.py                           1           0  0.29s           2026-03-20T03:14:07
================================================================================
[2026-03-20T03:14:35.434+0000] {manager.py:737} INFO - Searching for files in /opt/airflow/dags
[2026-03-20T03:14:35.440+0000] {manager.py:740} INFO - There are 1 files in /opt/airflow/dags
[2026-03-20T03:14:40.719+0000] {manager.py:878} INFO - 
================================================================================
DAG File Processing Stats

File Path                         PID    Runtime      # DAGs    # Errors  Last Runtime    Last Run
--------------------------------  -----  ---------  --------  ----------  --------------  -------------------
/opt/airflow/dags/taxiops_dag.py                           1           0  0.32s           2026-03-20T03:14:38
================================================================================
[2026-03-20T03:15:12.604+0000] {manager.py:878} INFO - 
================================================================================
DAG File Processing Stats

File Path                         PID    Runtime      # DAGs    # Errors  Last Runtime    Last Run
--------------------------------  -----  ---------  --------  ----------  --------------  -------------------
/opt/airflow/dags/taxiops_dag.py                           1           0  0.26s           2026-03-20T03:15:09
================================================================================
[2026-03-20T03:15:36.191+0000] {manager.py:737} INFO - Searching for files in /opt/airflow/dags
[2026-03-20T03:15:36.203+0000] {manager.py:740} INFO - There are 1 files in /opt/airflow/dags
[2026-03-20T03:15:44.392+0000] {manager.py:878} INFO - 
================================================================================
DAG File Processing Stats

File Path                         PID    Runtime      # DAGs    # Errors  Last Runtime    Last Run
--------------------------------  -----  ---------  --------  ----------  --------------  -------------------
/opt/airflow/dags/taxiops_dag.py                           1           0  0.32s           2026-03-20T03:15:40
================================================================================
[2026-03-20T03:16:16.052+0000] {manager.py:878} INFO - 
================================================================================
DAG File Processing Stats

File Path                         PID    Runtime      # DAGs    # Errors  Last Runtime    Last Run
--------------------------------  -----  ---------  --------  ----------  --------------  -------------------
/opt/airflow/dags/taxiops_dag.py                           1           0  0.45s           2026-03-20T03:16:11
================================================================================
[2026-03-20T03:16:36.795+0000] {manager.py:737} INFO - Searching for files in /opt/airflow/dags
[2026-03-20T03:16:36.808+0000] {manager.py:740} INFO - There are 1 files in /opt/airflow/dags
[2026-03-20T03:16:48.163+0000] {manager.py:878} INFO - 
================================================================================
DAG File Processing Stats

File Path                         PID    Runtime      # DAGs    # Errors  Last Runtime    Last Run
--------------------------------  -----  ---------  --------  ----------  --------------  -------------------
/opt/airflow/dags/taxiops_dag.py                           1           0  0.45s           2026-03-20T03:16:41
================================================================================
[2026-03-20T03:17:20.706+0000] {manager.py:878} INFO - 
================================================================================
DAG File Processing Stats

File Path                           PID  Runtime      # DAGs    # Errors  Last Runtime    Last Run
--------------------------------  -----  ---------  --------  ----------  --------------  -------------------
/opt/airflow/dags/taxiops_dag.py    220  8.99s             1           0  0.45s           2026-03-20T03:16:41
================================================================================
[2026-03-20T03:17:36.964+0000] {manager.py:737} INFO - Searching for files in /opt/airflow/dags
[2026-03-20T03:17:36.977+0000] {manager.py:740} INFO - There are 1 files in /opt/airflow/dags
[2026-03-20T03:17:45.249+0000] {manager.py:1016} ERROR - Processor for /opt/airflow/dags/taxiops_dag.py exited with return code 1.
[2026-03-20T03:17:54.372+0000] {manager.py:452} INFO - Exiting gracefully upon receiving signal 15
[2026-03-20T03:25:48.058+0000] {manager.py:470} INFO - Processing files using up to 2 processes at a time 
[2026-03-20T03:25:48.059+0000] {manager.py:471} INFO - Process each file at most once every 30 seconds
[2026-03-20T03:25:48.060+0000] {manager.py:472} INFO - Checking for new files in /opt/airflow/dags every 60 seconds
[2026-03-20T03:25:48.060+0000] {manager.py:737} INFO - Searching for files in /opt/airflow/dags
[2026-03-20T03:25:48.063+0000] {manager.py:740} INFO - There are 1 files in /opt/airflow/dags
[2026-03-20T03:25:48.916+0000] {manager.py:878} INFO - 
================================================================================
DAG File Processing Stats

File Path                           PID  Runtime      # DAGs    # Errors  Last Runtime    Last Run
--------------------------------  -----  ---------  --------  ----------  --------------  ----------
/opt/airflow/dags/taxiops_dag.py    173  0.79s             0           0
================================================================================
[2026-03-20T03:26:19.226+0000] {manager.py:452} INFO - Exiting gracefully upon receiving signal 15
[2026-03-20T03:27:28.245+0000] {manager.py:470} INFO - Processing files using up to 2 processes at a time 
[2026-03-20T03:27:28.247+0000] {manager.py:471} INFO - Process each file at most once every 30 seconds
[2026-03-20T03:27:28.248+0000] {manager.py:472} INFO - Checking for new files in /opt/airflow/dags every 60 seconds
[2026-03-20T03:27:28.248+0000] {manager.py:737} INFO - Searching for files in /opt/airflow/dags
[2026-03-20T03:27:28.251+0000] {manager.py:740} INFO - There are 1 files in /opt/airflow/dags
[2026-03-20T03:27:28.863+0000] {manager.py:878} INFO - 
================================================================================
DAG File Processing Stats

File Path                           PID  Runtime      # DAGs    # Errors  Last Runtime    Last Run
--------------------------------  -----  ---------  --------  ----------  --------------  ----------
/opt/airflow/dags/taxiops_dag.py    172  0.13s             0           0
================================================================================
[2026-03-20T03:28:00.679+0000] {manager.py:878} INFO - 
================================================================================
DAG File Processing Stats

File Path                         PID    Runtime      # DAGs    # Errors  Last Runtime    Last Run
--------------------------------  -----  ---------  --------  ----------  --------------  -------------------
/opt/airflow/dags/taxiops_dag.py                           1           0  0.28s           2026-03-20T03:27:59
================================================================================
[2026-03-20T03:28:28.778+0000] {manager.py:737} INFO - Searching for files in /opt/airflow/dags
[2026-03-20T03:28:28.796+0000] {manager.py:740} INFO - There are 1 files in /opt/airflow/dags
[2026-03-20T03:28:45.350+0000] {manager.py:878} INFO - 
================================================================================
DAG File Processing Stats

File Path                           PID  Runtime      # DAGs    # Errors  Last Runtime    Last Run
--------------------------------  -----  ---------  --------  ----------  --------------  -------------------
/opt/airflow/dags/taxiops_dag.py    184  0.14s             1           0  0.28s           2026-03-20T03:27:59
================================================================================
[2026-03-20T03:29:16.849+0000] {manager.py:878} INFO - 
================================================================================
DAG File Processing Stats

File Path                           PID  Runtime      # DAGs    # Errors  Last Runtime    Last Run
--------------------------------  -----  ---------  --------  ----------  --------------  -------------------
/opt/airflow/dags/taxiops_dag.py    194  0.01s             1           0  1.43s           2026-03-20T03:28:46
================================================================================
[2026-03-20T03:29:29.306+0000] {manager.py:737} INFO - Searching for files in /opt/airflow/dags
[2026-03-20T03:29:29.309+0000] {manager.py:740} INFO - There are 1 files in /opt/airflow/dags
[2026-03-20T03:29:48.493+0000] {manager.py:878} INFO - 
================================================================================
DAG File Processing Stats

File Path                         PID    Runtime      # DAGs    # Errors  Last Runtime    Last Run
--------------------------------  -----  ---------  --------  ----------  --------------  -------------------
/opt/airflow/dags/taxiops_dag.py                           1           0  0.15s           2026-03-20T03:29:47
================================================================================
[2026-03-20T03:30:19.851+0000] {manager.py:878} INFO - 
================================================================================
DAG File Processing Stats

File Path                         PID    Runtime      # DAGs    # Errors  Last Runtime    Last Run
--------------------------------  -----  ---------  --------  ----------  --------------  -------------------
/opt/airflow/dags/taxiops_dag.py                           1           0  0.89s           2026-03-20T03:30:18
================================================================================
[2026-03-20T03:30:30.088+0000] {manager.py:737} INFO - Searching for files in /opt/airflow/dags
[2026-03-20T03:30:30.093+0000] {manager.py:740} INFO - There are 1 files in /opt/airflow/dags
[2026-03-20T03:30:51.372+0000] {manager.py:878} INFO - 
================================================================================
DAG File Processing Stats

File Path                         PID    Runtime      # DAGs    # Errors  Last Runtime    Last Run
--------------------------------  -----  ---------  --------  ----------  --------------  -------------------
/opt/airflow/dags/taxiops_dag.py                           1           0  0.23s           2026-03-20T03:30:49
================================================================================
[2026-03-20T03:31:22.855+0000] {manager.py:878} INFO - 
================================================================================
DAG File Processing Stats

File Path                         PID    Runtime      # DAGs    # Errors  Last Runtime    Last Run
--------------------------------  -----  ---------  --------  ----------  --------------  -------------------
/opt/airflow/dags/taxiops_dag.py                           1           0  0.16s           2026-03-20T03:31:19
================================================================================
[2026-03-20T03:31:32.192+0000] {manager.py:737} INFO - Searching for files in /opt/airflow/dags
[2026-03-20T03:31:32.194+0000] {manager.py:740} INFO - There are 1 files in /opt/airflow/dags
[2026-03-20T03:31:54.369+0000] {manager.py:878} INFO - 
================================================================================
DAG File Processing Stats

File Path                         PID    Runtime      # DAGs    # Errors  Last Runtime    Last Run
--------------------------------  -----  ---------  --------  ----------  --------------  -------------------
/opt/airflow/dags/taxiops_dag.py                           1           0  0.18s           2026-03-20T03:31:50
================================================================================
[2026-03-20T03:32:24.866+0000] {manager.py:878} INFO - 
================================================================================
DAG File Processing Stats

File Path                         PID    Runtime      # DAGs    # Errors  Last Runtime    Last Run
--------------------------------  -----  ---------  --------  ----------  --------------  -------------------
/opt/airflow/dags/taxiops_dag.py                           1           0  0.17s           2026-03-20T03:32:20
================================================================================
[2026-03-20T03:32:32.877+0000] {manager.py:737} INFO - Searching for files in /opt/airflow/dags
[2026-03-20T03:32:32.879+0000] {manager.py:740} INFO - There are 1 files in /opt/airflow/dags
[2026-03-20T03:32:57.090+0000] {manager.py:878} INFO - 
================================================================================
DAG File Processing Stats

File Path                         PID    Runtime      # DAGs    # Errors  Last Runtime    Last Run
--------------------------------  -----  ---------  --------  ----------  --------------  -------------------
/opt/airflow/dags/taxiops_dag.py                           1           0  0.28s           2026-03-20T03:32:51
================================================================================
[2026-03-20T03:41:23.944+0000] {manager.py:470} INFO - Processing files using up to 2 processes at a time 
[2026-03-20T03:41:23.946+0000] {manager.py:471} INFO - Process each file at most once every 30 seconds
[2026-03-20T03:41:23.946+0000] {manager.py:472} INFO - Checking for new files in /opt/airflow/dags every 60 seconds
[2026-03-20T03:41:23.946+0000] {manager.py:737} INFO - Searching for files in /opt/airflow/dags
[2026-03-20T03:41:23.950+0000] {manager.py:740} INFO - There are 1 files in /opt/airflow/dags
[2026-03-20T03:41:24.782+0000] {manager.py:878} INFO - 
================================================================================
DAG File Processing Stats

File Path                           PID  Runtime      # DAGs    # Errors  Last Runtime    Last Run
--------------------------------  -----  ---------  --------  ----------  --------------  ----------
/opt/airflow/dags/taxiops_dag.py    172  0.77s             0           0
================================================================================
[2026-03-20T03:41:56.054+0000] {manager.py:878} INFO - 
================================================================================
DAG File Processing Stats

File Path                           PID  Runtime      # DAGs    # Errors  Last Runtime    Last Run
--------------------------------  -----  ---------  --------  ----------  --------------  -------------------
/opt/airflow/dags/taxiops_dag.py    178  0.01s             1           0  1.30s           2026-03-20T03:41:25
================================================================================
[2026-03-20T03:42:24.064+0000] {manager.py:737} INFO - Searching for files in /opt/airflow/dags
[2026-03-20T03:42:24.067+0000] {manager.py:740} INFO - There are 1 files in /opt/airflow/dags
[2026-03-20T03:42:27.486+0000] {manager.py:878} INFO - 
================================================================================
DAG File Processing Stats

File Path                         PID    Runtime      # DAGs    # Errors  Last Runtime    Last Run
--------------------------------  -----  ---------  --------  ----------  --------------  -------------------
/opt/airflow/dags/taxiops_dag.py                           1           0  1.85s           2026-03-20T03:41:57
================================================================================
[2026-03-20T03:42:58.883+0000] {manager.py:878} INFO - 
================================================================================
DAG File Processing Stats

File Path                           PID  Runtime      # DAGs    # Errors  Last Runtime    Last Run
--------------------------------  -----  ---------  --------  ----------  --------------  -------------------
/opt/airflow/dags/taxiops_dag.py    188  0.34s             1           0  0.32s           2026-03-20T03:42:28
================================================================================
[2026-03-20T03:43:24.996+0000] {manager.py:737} INFO - Searching for files in /opt/airflow/dags
[2026-03-20T03:43:25.029+0000] {manager.py:740} INFO - There are 1 files in /opt/airflow/dags
[2026-03-20T03:43:39.041+0000] {manager.py:878} INFO - 
================================================================================
DAG File Processing Stats

File Path                           PID  Runtime      # DAGs    # Errors  Last Runtime    Last Run
--------------------------------  -----  ---------  --------  ----------  --------------  -------------------
/opt/airflow/dags/taxiops_dag.py    193  7.12s             1           0  0.39s           2026-03-20T03:42:58
================================================================================
[2026-03-20T03:46:01.515+0000] {manager.py:737} INFO - Searching for files in /opt/airflow/dags
[2026-03-20T03:46:39.836+0000] {manager.py:740} INFO - There are 1 files in /opt/airflow/dags
[2026-03-20T03:46:40.023+0000] {manager.py:1203} ERROR - Processor for /opt/airflow/dags/taxiops_dag.py with PID 193 started at 2026-03-20T03:43:29.119460+00:00 has timed out, killing it.
[2026-03-20T03:46:40.087+0000] {manager.py:878} INFO - 
================================================================================
DAG File Processing Stats

File Path                         PID    Runtime      # DAGs    # Errors  Last Runtime    Last Run
--------------------------------  -----  ---------  --------  ----------  --------------  -------------------
/opt/airflow/dags/taxiops_dag.py                           0           1  190.90s         2026-03-20T03:46:40
================================================================================
[2026-03-20T03:47:01.885+0000] {manager.py:737} INFO - Searching for files in /opt/airflow/dags
[2026-03-20T03:47:01.903+0000] {manager.py:740} INFO - There are 1 files in /opt/airflow/dags
[2026-03-20T03:47:11.017+0000] {manager.py:878} INFO - 
================================================================================
DAG File Processing Stats

File Path                           PID  Runtime      # DAGs    # Errors  Last Runtime    Last Run
--------------------------------  -----  ---------  --------  ----------  --------------  -------------------
/opt/airflow/dags/taxiops_dag.py    198  0.02s             0           1  190.90s         2026-03-20T03:46:40
================================================================================
[2026-03-20T03:48:06.481+0000] {manager.py:878} INFO - 
================================================================================
DAG File Processing Stats

File Path                           PID  Runtime      # DAGs    # Errors  Last Runtime    Last Run
--------------------------------  -----  ---------  --------  ----------  --------------  -------------------
/opt/airflow/dags/taxiops_dag.py    198  51.99s            0           1  190.90s         2026-03-20T03:46:40
================================================================================
[2026-03-20T03:48:14.889+0000] {manager.py:737} INFO - Searching for files in /opt/airflow/dags
[2026-03-20T03:48:16.530+0000] {manager.py:740} INFO - There are 1 files in /opt/airflow/dags
[2026-03-20T03:48:22.250+0000] {manager.py:1203} ERROR - Processor for /opt/airflow/dags/taxiops_dag.py with PID 198 started at 2026-03-20T03:47:10.971499+00:00 has timed out, killing it.
[2026-03-20T03:48:38.804+0000] {manager.py:878} INFO - 
================================================================================
DAG File Processing Stats

File Path                         PID    Runtime      # DAGs    # Errors  Last Runtime    Last Run
--------------------------------  -----  ---------  --------  ----------  --------------  -------------------
/opt/airflow/dags/taxiops_dag.py                           0           1  71.27s          2026-03-20T03:48:22
================================================================================
[2026-03-20T03:49:29.107+0000] {manager.py:737} INFO - Searching for files in /opt/airflow/dags
[2026-03-20T03:49:30.135+0000] {manager.py:740} INFO - There are 1 files in /opt/airflow/dags
[2026-03-20T03:49:39.973+0000] {manager.py:878} INFO - 
================================================================================
DAG File Processing Stats

File Path                           PID  Runtime      # DAGs    # Errors  Last Runtime    Last Run
--------------------------------  -----  ---------  --------  ----------  --------------  -------------------
/opt/airflow/dags/taxiops_dag.py    201  46.93s            0           1  71.27s          2026-03-20T03:48:22
================================================================================
[2026-03-20T03:49:44.157+0000] {manager.py:1203} ERROR - Processor for /opt/airflow/dags/taxiops_dag.py with PID 201 started at 2026-03-20T03:48:52.853055+00:00 has timed out, killing it.
[2026-03-20T03:50:11.885+0000] {manager.py:878} INFO - 
================================================================================
DAG File Processing Stats

File Path                         PID    Runtime      # DAGs    # Errors  Last Runtime    Last Run
--------------------------------  -----  ---------  --------  ----------  --------------  -------------------
/opt/airflow/dags/taxiops_dag.py                           0           1  51.29s          2026-03-20T03:49:44
================================================================================
[2026-03-20T03:50:41.901+0000] {manager.py:737} INFO - Searching for files in /opt/airflow/dags
[2026-03-20T03:50:50.941+0000] {manager.py:740} INFO - There are 1 files in /opt/airflow/dags
[2026-03-20T03:51:15.572+0000] {manager.py:1203} ERROR - Processor for /opt/airflow/dags/taxiops_dag.py with PID 204 started at 2026-03-20T03:50:15.031803+00:00 has timed out, killing it.
[2026-03-20T03:51:16.186+0000] {manager.py:878} INFO - 
================================================================================
DAG File Processing Stats

File Path                         PID    Runtime      # DAGs    # Errors  Last Runtime    Last Run
--------------------------------  -----  ---------  --------  ----------  --------------  -------------------
/opt/airflow/dags/taxiops_dag.py                           0           1  60.52s          2026-03-20T03:51:15
================================================================================
[2026-03-20T03:51:42.113+0000] {manager.py:737} INFO - Searching for files in /opt/airflow/dags
[2026-03-20T03:51:42.138+0000] {manager.py:740} INFO - There are 1 files in /opt/airflow/dags
[2026-03-20T03:52:07.761+0000] {manager.py:878} INFO - 
================================================================================
DAG File Processing Stats

File Path                           PID  Runtime      # DAGs    # Errors  Last Runtime    Last Run
--------------------------------  -----  ---------  --------  ----------  --------------  -------------------
/opt/airflow/dags/taxiops_dag.py    207  14.45s            0           1  60.52s          2026-03-20T03:51:15
================================================================================
[2026-03-20T03:52:48.204+0000] {manager.py:737} INFO - Searching for files in /opt/airflow/dags
[2026-03-20T03:52:50.708+0000] {manager.py:740} INFO - There are 1 files in /opt/airflow/dags
[2026-03-20T03:54:12.100+0000] {manager.py:1203} ERROR - Processor for /opt/airflow/dags/taxiops_dag.py with PID 207 started at 2026-03-20T03:51:46.360760+00:00 has timed out, killing it.
[2026-03-20T03:54:17.095+0000] {manager.py:878} INFO - 
================================================================================
DAG File Processing Stats

File Path                         PID    Runtime      # DAGs    # Errors  Last Runtime    Last Run
--------------------------------  -----  ---------  --------  ----------  --------------  -------------------
/opt/airflow/dags/taxiops_dag.py                           0           1  144.97s         2026-03-20T03:54:11
================================================================================
[2026-03-20T03:54:20.433+0000] {manager.py:737} INFO - Searching for files in /opt/airflow/dags
[2026-03-20T03:54:20.532+0000] {manager.py:740} INFO - There are 1 files in /opt/airflow/dags
[2026-03-20T03:55:07.787+0000] {manager.py:878} INFO - 
================================================================================
DAG File Processing Stats

File Path                           PID  Runtime      # DAGs    # Errors  Last Runtime    Last Run
--------------------------------  -----  ---------  --------  ----------  --------------  -------------------
/opt/airflow/dags/taxiops_dag.py    210  18.63s            0           1  144.97s         2026-03-20T03:54:11
================================================================================
[2026-03-20T03:55:42.113+0000] {manager.py:737} INFO - Searching for files in /opt/airflow/dags
[2026-03-20T03:55:43.397+0000] {manager.py:740} INFO - There are 1 files in /opt/airflow/dags
[2026-03-20T03:55:56.628+0000] {manager.py:1203} ERROR - Processor for /opt/airflow/dags/taxiops_dag.py with PID 210 started at 2026-03-20T03:54:41.537865+00:00 has timed out, killing it.
[2026-03-20T03:55:57.849+0000] {manager.py:878} INFO - 
================================================================================
DAG File Processing Stats

File Path                         PID    Runtime      # DAGs    # Errors  Last Runtime    Last Run
--------------------------------  -----  ---------  --------  ----------  --------------  -------------------
/opt/airflow/dags/taxiops_dag.py                           0           1  75.05s          2026-03-20T03:55:56
================================================================================
[2026-03-20T03:56:43.221+0000] {manager.py:737} INFO - Searching for files in /opt/airflow/dags
[2026-03-20T03:57:01.305+0000] {manager.py:740} INFO - There are 1 files in /opt/airflow/dags
[2026-03-20T03:57:32.236+0000] {manager.py:1203} ERROR - Processor for /opt/airflow/dags/taxiops_dag.py with PID 213 started at 2026-03-20T03:56:27.441232+00:00 has timed out, killing it.
[2026-03-20T03:57:33.344+0000] {manager.py:878} INFO - 
================================================================================
DAG File Processing Stats

File Path                         PID    Runtime      # DAGs    # Errors  Last Runtime    Last Run
--------------------------------  -----  ---------  --------  ----------  --------------  -------------------
/opt/airflow/dags/taxiops_dag.py                           0           1  64.52s          2026-03-20T03:57:31
================================================================================
[2026-03-20T03:57:44.648+0000] {manager.py:737} INFO - Searching for files in /opt/airflow/dags
[2026-03-20T03:57:45.469+0000] {manager.py:740} INFO - There are 1 files in /opt/airflow/dags
[2026-03-20T03:58:39.807+0000] {manager.py:878} INFO - 
================================================================================
DAG File Processing Stats

File Path                           PID  Runtime      # DAGs    # Errors  Last Runtime    Last Run
--------------------------------  -----  ---------  --------  ----------  --------------  -------------------
/opt/airflow/dags/taxiops_dag.py    216  33.83s            0           1  64.52s          2026-03-20T03:57:31
================================================================================
[2026-03-20T03:59:11.875+0000] {manager.py:737} INFO - Searching for files in /opt/airflow/dags
[2026-03-20T03:59:15.183+0000] {manager.py:740} INFO - There are 1 files in /opt/airflow/dags
[2026-03-20T04:00:05.090+0000] {manager.py:1203} ERROR - Processor for /opt/airflow/dags/taxiops_dag.py with PID 216 started at 2026-03-20T03:58:03.629010+00:00 has timed out, killing it.
[2026-03-20T04:00:06.688+0000] {manager.py:878} INFO - 
================================================================================
DAG File Processing Stats

File Path                         PID    Runtime      # DAGs    # Errors  Last Runtime    Last Run
--------------------------------  -----  ---------  --------  ----------  --------------  -------------------
/opt/airflow/dags/taxiops_dag.py                           0           1  121.36s         2026-03-20T04:00:04
================================================================================
[2026-03-20T04:00:12.171+0000] {manager.py:737} INFO - Searching for files in /opt/airflow/dags
[2026-03-20T04:00:12.200+0000] {manager.py:740} INFO - There are 1 files in /opt/airflow/dags
[2026-03-20T04:00:40.998+0000] {manager.py:878} INFO - 
================================================================================
DAG File Processing Stats

File Path                           PID  Runtime      # DAGs    # Errors  Last Runtime    Last Run
--------------------------------  -----  ---------  --------  ----------  --------------  -------------------
/opt/airflow/dags/taxiops_dag.py    219  3.76s             0           1  121.36s         2026-03-20T04:00:04
================================================================================
[2026-03-20T04:01:12.271+0000] {manager.py:737} INFO - Searching for files in /opt/airflow/dags
[2026-03-20T04:01:12.278+0000] {manager.py:740} INFO - There are 1 files in /opt/airflow/dags
[2026-03-20T04:01:13.317+0000] {manager.py:878} INFO - 
================================================================================
DAG File Processing Stats

File Path                         PID    Runtime      # DAGs    # Errors  Last Runtime    Last Run
--------------------------------  -----  ---------  --------  ----------  --------------  -------------------
/opt/airflow/dags/taxiops_dag.py                           1           0  12.74s          2026-03-20T04:00:47
================================================================================
[2026-03-20T04:01:45.139+0000] {manager.py:878} INFO - 
================================================================================
DAG File Processing Stats

File Path                         PID    Runtime      # DAGs    # Errors  Last Runtime    Last Run
--------------------------------  -----  ---------  --------  ----------  --------------  -------------------
/opt/airflow/dags/taxiops_dag.py                           1           0  19.88s          2026-03-20T04:01:38
================================================================================
[2026-03-20T04:02:16.251+0000] {manager.py:737} INFO - Searching for files in /opt/airflow/dags
[2026-03-20T04:02:16.355+0000] {manager.py:740} INFO - There are 1 files in /opt/airflow/dags
[2026-03-20T04:02:16.850+0000] {manager.py:878} INFO - 
================================================================================
DAG File Processing Stats

File Path                           PID  Runtime      # DAGs    # Errors  Last Runtime    Last Run
--------------------------------  -----  ---------  --------  ----------  --------------  -------------------
/opt/airflow/dags/taxiops_dag.py    229  0.03s             1           0  19.88s          2026-03-20T04:01:38
================================================================================
[2026-03-20T04:02:51.445+0000] {manager.py:878} INFO - 
================================================================================
DAG File Processing Stats

File Path                           PID  Runtime      # DAGs    # Errors  Last Runtime    Last Run
--------------------------------  -----  ---------  --------  ----------  --------------  -------------------
/opt/airflow/dags/taxiops_dag.py    229  32.71s            1           0  19.88s          2026-03-20T04:01:38
================================================================================
[2026-03-20T04:03:12.125+0000] {manager.py:1203} ERROR - Processor for /opt/airflow/dags/taxiops_dag.py with PID 229 started at 2026-03-20T04:02:16.801666+00:00 has timed out, killing it.
[2026-03-20T04:03:18.215+0000] {manager.py:737} INFO - Searching for files in /opt/airflow/dags
[2026-03-20T04:03:18.224+0000] {manager.py:740} INFO - There are 1 files in /opt/airflow/dags
[2026-03-20T04:03:24.362+0000] {manager.py:878} INFO - 
================================================================================
DAG File Processing Stats

File Path                         PID    Runtime      # DAGs    # Errors  Last Runtime    Last Run
--------------------------------  -----  ---------  --------  ----------  --------------  -------------------
/opt/airflow/dags/taxiops_dag.py                           0           1  54.85s          2026-03-20T04:03:11
================================================================================
[2026-03-20T04:03:55.782+0000] {manager.py:878} INFO - 
================================================================================
DAG File Processing Stats

File Path                         PID    Runtime      # DAGs    # Errors  Last Runtime    Last Run
--------------------------------  -----  ---------  --------  ----------  --------------  -------------------
/opt/airflow/dags/taxiops_dag.py                           1           0  1.08s           2026-03-20T04:03:43
================================================================================
[2026-03-20T04:04:18.935+0000] {manager.py:737} INFO - Searching for files in /opt/airflow/dags
[2026-03-20T04:04:18.939+0000] {manager.py:740} INFO - There are 1 files in /opt/airflow/dags
[2026-03-20T04:04:27.242+0000] {manager.py:878} INFO - 
================================================================================
DAG File Processing Stats

File Path                         PID    Runtime      # DAGs    # Errors  Last Runtime    Last Run
--------------------------------  -----  ---------  --------  ----------  --------------  -------------------
/opt/airflow/dags/taxiops_dag.py                           1           0  0.29s           2026-03-20T04:04:14
================================================================================
[2026-03-20T04:04:58.851+0000] {manager.py:878} INFO - 
================================================================================
DAG File Processing Stats

File Path                         PID    Runtime      # DAGs    # Errors  Last Runtime    Last Run
--------------------------------  -----  ---------  --------  ----------  --------------  -------------------
/opt/airflow/dags/taxiops_dag.py                           1           0  0.26s           2026-03-20T04:04:44
================================================================================
[2026-03-20T04:05:19.009+0000] {manager.py:737} INFO - Searching for files in /opt/airflow/dags
[2026-03-20T04:05:19.019+0000] {manager.py:740} INFO - There are 1 files in /opt/airflow/dags
[2026-03-20T04:05:30.409+0000] {manager.py:878} INFO - 
================================================================================
DAG File Processing Stats

File Path                         PID    Runtime      # DAGs    # Errors  Last Runtime    Last Run
--------------------------------  -----  ---------  --------  ----------  --------------  -------------------
/opt/airflow/dags/taxiops_dag.py                           1           0  0.30s           2026-03-20T04:05:15
================================================================================
[2026-03-20T04:06:02.201+0000] {manager.py:878} INFO - 
================================================================================
DAG File Processing Stats

File Path                         PID    Runtime      # DAGs    # Errors  Last Runtime    Last Run
--------------------------------  -----  ---------  --------  ----------  --------------  -------------------
/opt/airflow/dags/taxiops_dag.py                           1           0  0.36s           2026-03-20T04:05:45
================================================================================
[2026-03-20T04:06:19.485+0000] {manager.py:737} INFO - Searching for files in /opt/airflow/dags
[2026-03-20T04:06:19.504+0000] {manager.py:740} INFO - There are 1 files in /opt/airflow/dags
[2026-03-20T04:06:34.530+0000] {manager.py:878} INFO - 
================================================================================
DAG File Processing Stats

File Path                         PID    Runtime      # DAGs    # Errors  Last Runtime    Last Run
--------------------------------  -----  ---------  --------  ----------  --------------  -------------------
/opt/airflow/dags/taxiops_dag.py                           1           0  0.37s           2026-03-20T04:06:16
================================================================================
[2026-03-20T04:07:06.479+0000] {manager.py:878} INFO - 
================================================================================
DAG File Processing Stats

File Path                         PID    Runtime      # DAGs    # Errors  Last Runtime    Last Run
--------------------------------  -----  ---------  --------  ----------  --------------  -------------------
/opt/airflow/dags/taxiops_dag.py                           1           0  1.20s           2026-03-20T04:06:48
================================================================================
[2026-03-20T04:07:19.672+0000] {manager.py:737} INFO - Searching for files in /opt/airflow/dags
[2026-03-20T04:07:19.685+0000] {manager.py:740} INFO - There are 1 files in /opt/airflow/dags
[2026-03-20T04:07:38.503+0000] {manager.py:878} INFO - 
================================================================================
DAG File Processing Stats

File Path                         PID    Runtime      # DAGs    # Errors  Last Runtime    Last Run
--------------------------------  -----  ---------  --------  ----------  --------------  -------------------
/opt/airflow/dags/taxiops_dag.py                           1           0  0.96s           2026-03-20T04:07:20
================================================================================
[2026-03-20T04:07:55.062+0000] {manager.py:452} INFO - Exiting gracefully upon receiving signal 15
[2026-03-20T04:12:29.380+0000] {manager.py:470} INFO - Processing files using up to 2 processes at a time 
[2026-03-20T04:12:29.392+0000] {manager.py:471} INFO - Process each file at most once every 30 seconds
[2026-03-20T04:12:29.393+0000] {manager.py:472} INFO - Checking for new files in /opt/airflow/dags every 60 seconds
[2026-03-20T04:12:29.393+0000] {manager.py:737} INFO - Searching for files in /opt/airflow/dags
[2026-03-20T04:12:29.407+0000] {manager.py:740} INFO - There are 1 files in /opt/airflow/dags
[2026-03-20T04:12:30.695+0000] {manager.py:878} INFO - 
================================================================================
DAG File Processing Stats

File Path                           PID  Runtime      # DAGs    # Errors  Last Runtime    Last Run
--------------------------------  -----  ---------  --------  ----------  --------------  ----------
/opt/airflow/dags/taxiops_dag.py    173  0.13s             0           0
================================================================================
[2026-03-20T04:13:02.408+0000] {manager.py:878} INFO - 
================================================================================
DAG File Processing Stats

File Path                         PID    Runtime      # DAGs    # Errors  Last Runtime    Last Run
--------------------------------  -----  ---------  --------  ----------  --------------  -------------------
/opt/airflow/dags/taxiops_dag.py                           1           0  0.27s           2026-03-20T04:13:01
================================================================================
[2026-03-20T04:13:29.893+0000] {manager.py:737} INFO - Searching for files in /opt/airflow/dags
[2026-03-20T04:13:29.907+0000] {manager.py:740} INFO - There are 1 files in /opt/airflow/dags
[2026-03-20T04:13:34.119+0000] {manager.py:878} INFO - 
================================================================================
DAG File Processing Stats

File Path                         PID    Runtime      # DAGs    # Errors  Last Runtime    Last Run
--------------------------------  -----  ---------  --------  ----------  --------------  -------------------
/opt/airflow/dags/taxiops_dag.py                           1           0  0.47s           2026-03-20T04:13:32
================================================================================
[2026-03-20T04:14:28.111+0000] {manager.py:878} INFO - 
================================================================================
DAG File Processing Stats

File Path                           PID  Runtime      # DAGs    # Errors  Last Runtime    Last Run
--------------------------------  -----  ---------  --------  ----------  --------------  -------------------
/opt/airflow/dags/taxiops_dag.py    188  15.73s            1           0  0.47s           2026-03-20T04:13:32
================================================================================
[2026-03-20T04:16:24.752+0000] {manager.py:737} INFO - Searching for files in /opt/airflow/dags
[2026-03-20T04:19:35.774+0000] {manager.py:740} INFO - There are 1 files in /opt/airflow/dags
[2026-03-20T04:19:36.153+0000] {manager.py:1203} ERROR - Processor for /opt/airflow/dags/taxiops_dag.py with PID 188 started at 2026-03-20T04:14:04.744325+00:00 has timed out, killing it.
[2026-03-20T04:19:36.271+0000] {manager.py:878} INFO - 
================================================================================
DAG File Processing Stats

File Path                         PID    Runtime      # DAGs    # Errors  Last Runtime    Last Run
--------------------------------  -----  ---------  --------  ----------  --------------  -------------------
/opt/airflow/dags/taxiops_dag.py                           0           1  331.38s         2026-03-20T04:19:36
================================================================================
[2026-03-20T04:19:36.539+0000] {manager.py:737} INFO - Searching for files in /opt/airflow/dags
[2026-03-20T04:19:36.568+0000] {manager.py:740} INFO - There are 1 files in /opt/airflow/dags
[2026-03-20T04:20:07.349+0000] {manager.py:878} INFO - 
================================================================================
DAG File Processing Stats

File Path                           PID  Runtime      # DAGs    # Errors  Last Runtime    Last Run
--------------------------------  -----  ---------  --------  ----------  --------------  -------------------
/opt/airflow/dags/taxiops_dag.py    193  1.12s             0           1  331.38s         2026-03-20T04:19:36
================================================================================
[2026-03-20T04:20:37.653+0000] {manager.py:737} INFO - Searching for files in /opt/airflow/dags
[2026-03-20T04:20:37.688+0000] {manager.py:740} INFO - There are 1 files in /opt/airflow/dags
[2026-03-20T04:20:38.939+0000] {manager.py:878} INFO - 
================================================================================
DAG File Processing Stats

File Path                         PID    Runtime      # DAGs    # Errors  Last Runtime    Last Run
--------------------------------  -----  ---------  --------  ----------  --------------  -------------------
/opt/airflow/dags/taxiops_dag.py                           1           0  3.53s           2026-03-20T04:20:09
================================================================================
[2026-03-20T04:21:11.196+0000] {manager.py:878} INFO - 
================================================================================
DAG File Processing Stats

File Path                         PID    Runtime      # DAGs    # Errors  Last Runtime    Last Run
--------------------------------  -----  ---------  --------  ----------  --------------  -------------------
/opt/airflow/dags/taxiops_dag.py                           1           0  1.30s           2026-03-20T04:20:41
================================================================================
[2026-03-20T04:21:37.825+0000] {manager.py:737} INFO - Searching for files in /opt/airflow/dags
[2026-03-20T04:21:37.832+0000] {manager.py:740} INFO - There are 1 files in /opt/airflow/dags
[2026-03-20T04:21:43.090+0000] {manager.py:878} INFO - 
================================================================================
DAG File Processing Stats

File Path                           PID  Runtime      # DAGs    # Errors  Last Runtime    Last Run
--------------------------------  -----  ---------  --------  ----------  --------------  -------------------
/opt/airflow/dags/taxiops_dag.py    214  0.01s             1           0  0.49s           2026-03-20T04:21:12
================================================================================
[2026-03-20T04:22:15.717+0000] {manager.py:878} INFO - 
================================================================================
DAG File Processing Stats

File Path                         PID    Runtime      # DAGs    # Errors  Last Runtime    Last Run
--------------------------------  -----  ---------  --------  ----------  --------------  -------------------
/opt/airflow/dags/taxiops_dag.py                           1           0  22.21s          2026-03-20T04:22:05
================================================================================
[2026-03-20T04:22:38.822+0000] {manager.py:737} INFO - Searching for files in /opt/airflow/dags
[2026-03-20T04:22:38.834+0000] {manager.py:740} INFO - There are 1 files in /opt/airflow/dags
[2026-03-20T04:22:47.916+0000] {manager.py:878} INFO - 
================================================================================
DAG File Processing Stats

File Path                         PID    Runtime      # DAGs    # Errors  Last Runtime    Last Run
--------------------------------  -----  ---------  --------  ----------  --------------  -------------------
/opt/airflow/dags/taxiops_dag.py                           1           0  0.52s           2026-03-20T04:22:36
================================================================================
[2026-03-20T04:23:19.896+0000] {manager.py:878} INFO - 
================================================================================
DAG File Processing Stats

File Path                         PID    Runtime      # DAGs    # Errors  Last Runtime    Last Run
--------------------------------  -----  ---------  --------  ----------  --------------  -------------------
/opt/airflow/dags/taxiops_dag.py                           1           0  0.29s           2026-03-20T04:23:07
================================================================================
[2026-03-20T04:23:39.337+0000] {manager.py:737} INFO - Searching for files in /opt/airflow/dags
[2026-03-20T04:23:39.340+0000] {manager.py:740} INFO - There are 1 files in /opt/airflow/dags
[2026-03-20T04:23:51.875+0000] {manager.py:878} INFO - 
================================================================================
DAG File Processing Stats

File Path                         PID    Runtime      # DAGs    # Errors  Last Runtime    Last Run
--------------------------------  -----  ---------  --------  ----------  --------------  -------------------
/opt/airflow/dags/taxiops_dag.py                           1           0  0.39s           2026-03-20T04:23:38
================================================================================
[2026-03-20T04:24:24.941+0000] {manager.py:878} INFO - 
================================================================================
DAG File Processing Stats

File Path                         PID    Runtime      # DAGs    # Errors  Last Runtime    Last Run
--------------------------------  -----  ---------  --------  ----------  --------------  -------------------
/opt/airflow/dags/taxiops_dag.py                           1           0  3.46s           2026-03-20T04:24:12
================================================================================
[2026-03-20T04:24:41.684+0000] {manager.py:737} INFO - Searching for files in /opt/airflow/dags
[2026-03-20T04:24:42.363+0000] {manager.py:740} INFO - There are 1 files in /opt/airflow/dags
[2026-03-20T04:29:21.298+0000] {manager.py:878} INFO - 
================================================================================
DAG File Processing Stats

File Path                           PID  Runtime      # DAGs    # Errors  Last Runtime    Last Run
--------------------------------  -----  ---------  --------  ----------  --------------  -------------------
/opt/airflow/dags/taxiops_dag.py    243  1.61s             1           0  3.46s           2026-03-20T04:24:12
================================================================================
[2026-03-20T04:29:54.418+0000] {manager.py:737} INFO - Searching for files in /opt/airflow/dags
[2026-03-20T04:29:54.443+0000] {manager.py:740} INFO - There are 1 files in /opt/airflow/dags
[2026-03-20T04:29:54.532+0000] {manager.py:1203} ERROR - Processor for /opt/airflow/dags/taxiops_dag.py with PID 243 started at 2026-03-20T04:25:49.949223+00:00 has timed out, killing it.
[2026-03-20T04:29:54.600+0000] {manager.py:878} INFO - 
================================================================================
DAG File Processing Stats

File Path                         PID    Runtime      # DAGs    # Errors  Last Runtime    Last Run
--------------------------------  -----  ---------  --------  ----------  --------------  -------------------
/opt/airflow/dags/taxiops_dag.py                           0           1  244.58s         2026-03-20T04:29:54
================================================================================
[2026-03-20T04:30:25.736+0000] {manager.py:878} INFO - 
================================================================================
DAG File Processing Stats

File Path                         PID    Runtime      # DAGs    # Errors  Last Runtime    Last Run
--------------------------------  -----  ---------  --------  ----------  --------------  -------------------
/opt/airflow/dags/taxiops_dag.py                           1           0  3.38s           2026-03-20T04:29:58
================================================================================
[2026-03-20T04:31:29.396+0000] {manager.py:737} INFO - Searching for files in /opt/airflow/dags
[2026-03-20T04:31:48.707+0000] {manager.py:740} INFO - There are 1 files in /opt/airflow/dags
[2026-03-20T04:32:47.917+0000] {manager.py:878} INFO - 
================================================================================
DAG File Processing Stats

File Path                           PID  Runtime      # DAGs    # Errors  Last Runtime    Last Run
--------------------------------  -----  ---------  --------  ----------  --------------  -------------------
/opt/airflow/dags/taxiops_dag.py    263  0.36s             1           0  0.27s           2026-03-20T04:30:29
================================================================================
[2026-03-20T04:34:48.000+0000] {manager.py:737} INFO - Searching for files in /opt/airflow/dags
[2026-03-20T04:34:48.083+0000] {manager.py:740} INFO - There are 1 files in /opt/airflow/dags
[2026-03-20T04:34:48.208+0000] {manager.py:1203} ERROR - Processor for /opt/airflow/dags/taxiops_dag.py with PID 263 started at 2026-03-20T04:32:36.795909+00:00 has timed out, killing it.
[2026-03-20T04:34:48.237+0000] {manager.py:878} INFO - 
================================================================================
DAG File Processing Stats

File Path                         PID    Runtime      # DAGs    # Errors  Last Runtime    Last Run
--------------------------------  -----  ---------  --------  ----------  --------------  -------------------
/opt/airflow/dags/taxiops_dag.py                           0           1  131.41s         2026-03-20T04:34:48
================================================================================
