[2026-03-20T02:31:26.249+0000] {local_task_job_runner.py:120} INFO - ::group::Pre task execution logs
[2026-03-20T02:31:26.362+0000] {taskinstance.py:2076} INFO - Dependencies all met for dep_context=non-requeueable deps ti=<TaskInstance: taxiops_pipeline.cleanup_data scheduled__2026-03-19T00:00:00+00:00 [queued]>
[2026-03-20T02:31:26.375+0000] {taskinstance.py:2076} INFO - Dependencies all met for dep_context=requeueable deps ti=<TaskInstance: taxiops_pipeline.cleanup_data scheduled__2026-03-19T00:00:00+00:00 [queued]>
[2026-03-20T02:31:26.375+0000] {taskinstance.py:2306} INFO - Starting attempt 1 of 2
[2026-03-20T02:31:26.404+0000] {taskinstance.py:2330} INFO - Executing <Task(BashOperator): cleanup_data> on 2026-03-19 00:00:00+00:00
[2026-03-20T02:31:26.414+0000] {standard_task_runner.py:63} INFO - Started process 204 to run task
[2026-03-20T02:31:26.419+0000] {standard_task_runner.py:90} INFO - Running: ['***', 'tasks', 'run', 'taxiops_pipeline', 'cleanup_data', 'scheduled__2026-03-19T00:00:00+00:00', '--job-id', '2', '--raw', '--subdir', 'DAGS_FOLDER/taxiops_dag.py', '--cfg-path', '/tmp/tmpnzp0r82c']
[2026-03-20T02:31:26.423+0000] {standard_task_runner.py:91} INFO - Job 2: Subtask cleanup_data
[2026-03-20T02:31:26.550+0000] {task_command.py:426} INFO - Running <TaskInstance: taxiops_pipeline.cleanup_data scheduled__2026-03-19T00:00:00+00:00 [running]> on host 7d088cdb0451
[2026-03-20T02:31:26.741+0000] {taskinstance.py:2648} INFO - Exporting env vars: AIRFLOW_CTX_DAG_OWNER='team' AIRFLOW_CTX_DAG_ID='taxiops_pipeline' AIRFLOW_CTX_TASK_ID='cleanup_data' AIRFLOW_CTX_EXECUTION_DATE='2026-03-19T00:00:00+00:00' AIRFLOW_CTX_TRY_NUMBER='1' AIRFLOW_CTX_DAG_RUN_ID='scheduled__2026-03-19T00:00:00+00:00'
[2026-03-20T02:31:26.742+0000] {taskinstance.py:430} INFO - ::endgroup::
[2026-03-20T02:31:26.843+0000] {subprocess.py:63} INFO - Tmp dir root location: /tmp
[2026-03-20T02:31:26.851+0000] {subprocess.py:75} INFO - Running command: ['/usr/bin/bash', '-c', 'cd /app && rm -rf data/bronze data/silver data/gold data/checkpoints']
[2026-03-20T02:31:26.903+0000] {subprocess.py:86} INFO - Output:
[2026-03-20T02:31:26.982+0000] {subprocess.py:93} INFO - /usr/bin/bash: line 1: cd: /app: No such file or directory
[2026-03-20T02:31:26.985+0000] {subprocess.py:97} INFO - Command exited with return code 1
[2026-03-20T02:31:26.992+0000] {taskinstance.py:441} INFO - ::group::Post task execution logs
[2026-03-20T02:31:59.517+0000] {standard_task_runner.py:110} ERROR - Failed to execute job 2 for task cleanup_data ((psycopg2.OperationalError) could not translate host name "postgres" to address: Temporary failure in name resolution

(Background on this error at: https://sqlalche.me/e/14/e3q8); 204)
[2026-03-20T02:32:00.888+0000] {local_task_job_runner.py:240} INFO - Task exited with return code 1
[2026-03-20T02:32:00.936+0000] {taskinstance.py:3498} INFO - 0 downstream tasks scheduled from follow-on schedule check
[2026-03-20T02:32:00.941+0000] {local_task_job_runner.py:222} INFO - ::endgroup::
[2026-03-20T04:21:37.755+0000] {local_task_job_runner.py:120} INFO - ::group::Pre task execution logs
[2026-03-20T04:21:37.866+0000] {taskinstance.py:2076} INFO - Dependencies all met for dep_context=non-requeueable deps ti=<TaskInstance: taxiops_pipeline.cleanup_data scheduled__2026-03-19T00:00:00+00:00 [queued]>
[2026-03-20T04:21:37.878+0000] {taskinstance.py:2076} INFO - Dependencies all met for dep_context=requeueable deps ti=<TaskInstance: taxiops_pipeline.cleanup_data scheduled__2026-03-19T00:00:00+00:00 [queued]>
[2026-03-20T04:21:37.879+0000] {taskinstance.py:2306} INFO - Starting attempt 1 of 2
[2026-03-20T04:21:37.905+0000] {taskinstance.py:2330} INFO - Executing <Task(BashOperator): cleanup_data> on 2026-03-19 00:00:00+00:00
[2026-03-20T04:21:37.916+0000] {standard_task_runner.py:63} INFO - Started process 209 to run task
[2026-03-20T04:21:37.921+0000] {standard_task_runner.py:90} INFO - Running: ['***', 'tasks', 'run', 'taxiops_pipeline', 'cleanup_data', 'scheduled__2026-03-19T00:00:00+00:00', '--job-id', '2', '--raw', '--subdir', 'DAGS_FOLDER/taxiops_dag.py', '--cfg-path', '/tmp/tmpilzma742']
[2026-03-20T04:21:37.923+0000] {standard_task_runner.py:91} INFO - Job 2: Subtask cleanup_data
[2026-03-20T04:21:38.008+0000] {task_command.py:426} INFO - Running <TaskInstance: taxiops_pipeline.cleanup_data scheduled__2026-03-19T00:00:00+00:00 [running]> on host d0c122b3e6f8
[2026-03-20T04:21:38.235+0000] {taskinstance.py:2648} INFO - Exporting env vars: AIRFLOW_CTX_DAG_OWNER='team' AIRFLOW_CTX_DAG_ID='taxiops_pipeline' AIRFLOW_CTX_TASK_ID='cleanup_data' AIRFLOW_CTX_EXECUTION_DATE='2026-03-19T00:00:00+00:00' AIRFLOW_CTX_TRY_NUMBER='1' AIRFLOW_CTX_DAG_RUN_ID='scheduled__2026-03-19T00:00:00+00:00'
[2026-03-20T04:21:38.240+0000] {taskinstance.py:430} INFO - ::endgroup::
[2026-03-20T04:21:38.329+0000] {subprocess.py:63} INFO - Tmp dir root location: /tmp
[2026-03-20T04:21:38.331+0000] {subprocess.py:75} INFO - Running command: ['/usr/bin/bash', '-c', 'rm -rf /opt/pipeline/data/bronze /opt/pipeline/data/silver /opt/pipeline/data/gold /opt/pipeline/data/checkpoints']
[2026-03-20T04:21:38.360+0000] {subprocess.py:86} INFO - Output:
[2026-03-20T04:21:38.413+0000] {subprocess.py:97} INFO - Command exited with return code 0
[2026-03-20T04:21:38.416+0000] {taskinstance.py:441} INFO - ::group::Post task execution logs
[2026-03-20T04:21:38.475+0000] {taskinstance.py:1206} INFO - Marking task as SUCCESS. dag_id=taxiops_pipeline, task_id=cleanup_data, run_id=scheduled__2026-03-19T00:00:00+00:00, execution_date=20260319T000000, start_date=20260320T042137, end_date=20260320T042138
[2026-03-20T04:21:38.536+0000] {local_task_job_runner.py:240} INFO - Task exited with return code 0
[2026-03-20T04:21:38.569+0000] {taskinstance.py:3498} INFO - 1 downstream tasks scheduled from follow-on schedule check
[2026-03-20T04:21:38.575+0000] {local_task_job_runner.py:222} INFO - ::endgroup::
