[2026-03-20T02:51:40.433+0000] {local_task_job_runner.py:120} INFO - ::group::Pre task execution logs
[2026-03-20T02:51:40.544+0000] {taskinstance.py:2076} INFO - Dependencies all met for dep_context=non-requeueable deps ti=<TaskInstance: taxiops_pipeline.cleanup_data manual__2026-03-20T02:49:35.171480+00:00 [queued]>
[2026-03-20T02:51:40.555+0000] {taskinstance.py:2076} INFO - Dependencies all met for dep_context=requeueable deps ti=<TaskInstance: taxiops_pipeline.cleanup_data manual__2026-03-20T02:49:35.171480+00:00 [queued]>
[2026-03-20T02:51:40.555+0000] {taskinstance.py:2306} INFO - Starting attempt 2 of 2
[2026-03-20T02:51:40.581+0000] {taskinstance.py:2330} INFO - Executing <Task(BashOperator): cleanup_data> on 2026-03-20 02:49:35.171480+00:00
[2026-03-20T02:51:40.590+0000] {standard_task_runner.py:63} INFO - Started process 217 to run task
[2026-03-20T02:51:40.594+0000] {standard_task_runner.py:90} INFO - Running: ['***', 'tasks', 'run', 'taxiops_pipeline', 'cleanup_data', 'manual__2026-03-20T02:49:35.171480+00:00', '--job-id', '8', '--raw', '--subdir', 'DAGS_FOLDER/taxiops_dag.py', '--cfg-path', '/tmp/tmpq3utaow5']
[2026-03-20T02:51:40.598+0000] {standard_task_runner.py:91} INFO - Job 8: Subtask cleanup_data
[2026-03-20T02:51:40.667+0000] {task_command.py:426} INFO - Running <TaskInstance: taxiops_pipeline.cleanup_data manual__2026-03-20T02:49:35.171480+00:00 [running]> on host 7d088cdb0451
[2026-03-20T02:51:40.785+0000] {taskinstance.py:2648} INFO - Exporting env vars: AIRFLOW_CTX_DAG_OWNER='team' AIRFLOW_CTX_DAG_ID='taxiops_pipeline' AIRFLOW_CTX_TASK_ID='cleanup_data' AIRFLOW_CTX_EXECUTION_DATE='2026-03-20T02:49:35.171480+00:00' AIRFLOW_CTX_TRY_NUMBER='2' AIRFLOW_CTX_DAG_RUN_ID='manual__2026-03-20T02:49:35.171480+00:00'
[2026-03-20T02:51:40.786+0000] {taskinstance.py:430} INFO - ::endgroup::
[2026-03-20T02:51:40.845+0000] {subprocess.py:63} INFO - Tmp dir root location: /tmp
[2026-03-20T02:51:40.849+0000] {subprocess.py:75} INFO - Running command: ['/usr/bin/bash', '-c', 'cd /app && rm -rf data/bronze data/silver data/gold data/checkpoints']
[2026-03-20T02:51:40.870+0000] {subprocess.py:86} INFO - Output:
[2026-03-20T02:51:40.916+0000] {subprocess.py:93} INFO - /usr/bin/bash: line 1: cd: /app: No such file or directory
[2026-03-20T02:51:40.918+0000] {subprocess.py:97} INFO - Command exited with return code 1
[2026-03-20T02:51:40.921+0000] {taskinstance.py:441} INFO - ::group::Post task execution logs
[2026-03-20T02:51:40.940+0000] {taskinstance.py:2905} ERROR - Task failed with exception
Traceback (most recent call last):
  File "/home/airflow/.local/lib/python3.10/site-packages/airflow/models/taskinstance.py", line 465, in _execute_task
    result = _execute_callable(context=context, **execute_callable_kwargs)
  File "/home/airflow/.local/lib/python3.10/site-packages/airflow/models/taskinstance.py", line 432, in _execute_callable
    return execute_callable(context=context, **execute_callable_kwargs)
  File "/home/airflow/.local/lib/python3.10/site-packages/airflow/models/baseoperator.py", line 400, in wrapper
    return func(self, *args, **kwargs)
  File "/home/airflow/.local/lib/python3.10/site-packages/airflow/operators/bash.py", line 243, in execute
    raise AirflowException(
airflow.exceptions.AirflowException: Bash command failed. The command returned a non-zero exit code 1.
[2026-03-20T02:51:40.948+0000] {taskinstance.py:1206} INFO - Marking task as FAILED. dag_id=taxiops_pipeline, task_id=cleanup_data, run_id=manual__2026-03-20T02:49:35.171480+00:00, execution_date=20260320T024935, start_date=20260320T025140, end_date=20260320T025140
[2026-03-20T02:51:40.967+0000] {standard_task_runner.py:110} ERROR - Failed to execute job 8 for task cleanup_data (Bash command failed. The command returned a non-zero exit code 1.; 217)
[2026-03-20T02:51:41.008+0000] {local_task_job_runner.py:240} INFO - Task exited with return code 1
[2026-03-20T02:51:41.037+0000] {taskinstance.py:3498} INFO - 0 downstream tasks scheduled from follow-on schedule check
[2026-03-20T02:51:41.044+0000] {local_task_job_runner.py:222} INFO - ::endgroup::
