[2026-03-20T02:46:29.181+0000] {local_task_job_runner.py:120} INFO - ::group::Pre task execution logs
[2026-03-20T02:46:29.328+0000] {taskinstance.py:2076} INFO - Dependencies all met for dep_context=non-requeueable deps ti=<TaskInstance: taxiops_pipeline.cleanup_data manual__2026-03-20T02:31:17.555410+00:00 [queued]>
[2026-03-20T02:46:29.345+0000] {taskinstance.py:2076} INFO - Dependencies all met for dep_context=requeueable deps ti=<TaskInstance: taxiops_pipeline.cleanup_data manual__2026-03-20T02:31:17.555410+00:00 [queued]>
[2026-03-20T02:46:29.345+0000] {taskinstance.py:2306} INFO - Starting attempt 2 of 2
[2026-03-20T02:46:29.373+0000] {taskinstance.py:2330} INFO - Executing <Task(BashOperator): cleanup_data> on 2026-03-20 02:31:17.555410+00:00
[2026-03-20T02:46:29.388+0000] {standard_task_runner.py:63} INFO - Started process 266 to run task
[2026-03-20T02:46:29.407+0000] {standard_task_runner.py:90} INFO - Running: ['***', 'tasks', 'run', 'taxiops_pipeline', 'cleanup_data', 'manual__2026-03-20T02:31:17.555410+00:00', '--job-id', '5', '--raw', '--subdir', 'DAGS_FOLDER/taxiops_dag.py', '--cfg-path', '/tmp/tmprnq04k0x']
[2026-03-20T02:46:29.418+0000] {standard_task_runner.py:91} INFO - Job 5: Subtask cleanup_data
[2026-03-20T02:46:29.609+0000] {task_command.py:426} INFO - Running <TaskInstance: taxiops_pipeline.cleanup_data manual__2026-03-20T02:31:17.555410+00:00 [running]> on host 7d088cdb0451
[2026-03-20T02:46:29.878+0000] {taskinstance.py:2648} INFO - Exporting env vars: AIRFLOW_CTX_DAG_OWNER='team' AIRFLOW_CTX_DAG_ID='taxiops_pipeline' AIRFLOW_CTX_TASK_ID='cleanup_data' AIRFLOW_CTX_EXECUTION_DATE='2026-03-20T02:31:17.555410+00:00' AIRFLOW_CTX_TRY_NUMBER='2' AIRFLOW_CTX_DAG_RUN_ID='manual__2026-03-20T02:31:17.555410+00:00'
[2026-03-20T02:46:29.880+0000] {taskinstance.py:430} INFO - ::endgroup::
[2026-03-20T02:46:29.946+0000] {subprocess.py:63} INFO - Tmp dir root location: /tmp
[2026-03-20T02:46:29.950+0000] {subprocess.py:75} INFO - Running command: ['/usr/bin/bash', '-c', 'cd /app && rm -rf data/bronze data/silver data/gold data/checkpoints']
[2026-03-20T02:46:29.987+0000] {subprocess.py:86} INFO - Output:
[2026-03-20T02:46:30.020+0000] {subprocess.py:93} INFO - /usr/bin/bash: line 1: cd: /app: No such file or directory
[2026-03-20T02:46:30.024+0000] {subprocess.py:97} INFO - Command exited with return code 1
[2026-03-20T02:46:30.025+0000] {taskinstance.py:441} INFO - ::group::Post task execution logs
[2026-03-20T02:46:30.056+0000] {taskinstance.py:2905} ERROR - Task failed with exception
Traceback (most recent call last):
  File "/home/airflow/.local/lib/python3.10/site-packages/airflow/models/taskinstance.py", line 465, in _execute_task
    result = _execute_callable(context=context, **execute_callable_kwargs)
  File "/home/airflow/.local/lib/python3.10/site-packages/airflow/models/taskinstance.py", line 432, in _execute_callable
    return execute_callable(context=context, **execute_callable_kwargs)
  File "/home/airflow/.local/lib/python3.10/site-packages/airflow/models/baseoperator.py", line 400, in wrapper
    return func(self, *args, **kwargs)
  File "/home/airflow/.local/lib/python3.10/site-packages/airflow/operators/bash.py", line 243, in execute
    raise AirflowException(
airflow.exceptions.AirflowException: Bash command failed. The command returned a non-zero exit code 1.
[2026-03-20T02:46:30.070+0000] {taskinstance.py:1206} INFO - Marking task as FAILED. dag_id=taxiops_pipeline, task_id=cleanup_data, run_id=manual__2026-03-20T02:31:17.555410+00:00, execution_date=20260320T023117, start_date=20260320T024629, end_date=20260320T024630
[2026-03-20T02:46:30.101+0000] {standard_task_runner.py:110} ERROR - Failed to execute job 5 for task cleanup_data (Bash command failed. The command returned a non-zero exit code 1.; 266)
[2026-03-20T02:46:30.139+0000] {local_task_job_runner.py:240} INFO - Task exited with return code 1
[2026-03-20T02:46:30.180+0000] {taskinstance.py:3498} INFO - 0 downstream tasks scheduled from follow-on schedule check
[2026-03-20T02:46:30.190+0000] {local_task_job_runner.py:222} INFO - ::endgroup::
