[2026-03-20T03:28:50.583+0000] {local_task_job_runner.py:120} INFO - ::group::Pre task execution logs
[2026-03-20T03:28:50.657+0000] {taskinstance.py:2076} INFO - Dependencies all met for dep_context=non-requeueable deps ti=<TaskInstance: taxiops_pipeline.produce_events manual__2026-03-20T03:28:26.011258+00:00 [queued]>
[2026-03-20T03:28:50.676+0000] {taskinstance.py:2076} INFO - Dependencies all met for dep_context=requeueable deps ti=<TaskInstance: taxiops_pipeline.produce_events manual__2026-03-20T03:28:26.011258+00:00 [queued]>
[2026-03-20T03:28:50.677+0000] {taskinstance.py:2306} INFO - Starting attempt 1 of 2
[2026-03-20T03:28:50.705+0000] {taskinstance.py:2330} INFO - Executing <Task(BashOperator): produce_events> on 2026-03-20 03:28:26.011258+00:00
[2026-03-20T03:28:50.717+0000] {standard_task_runner.py:63} INFO - Started process 192 to run task
[2026-03-20T03:28:50.724+0000] {standard_task_runner.py:90} INFO - Running: ['***', 'tasks', 'run', 'taxiops_pipeline', 'produce_events', 'manual__2026-03-20T03:28:26.011258+00:00', '--job-id', '53', '--raw', '--subdir', 'DAGS_FOLDER/taxiops_dag.py', '--cfg-path', '/tmp/tmpl68egomz']
[2026-03-20T03:28:50.728+0000] {standard_task_runner.py:91} INFO - Job 53: Subtask produce_events
[2026-03-20T03:28:50.820+0000] {task_command.py:426} INFO - Running <TaskInstance: taxiops_pipeline.produce_events manual__2026-03-20T03:28:26.011258+00:00 [running]> on host 5c022f35b1f4
[2026-03-20T03:28:50.972+0000] {taskinstance.py:2648} INFO - Exporting env vars: AIRFLOW_CTX_DAG_OWNER='team' AIRFLOW_CTX_DAG_ID='taxiops_pipeline' AIRFLOW_CTX_TASK_ID='produce_events' AIRFLOW_CTX_EXECUTION_DATE='2026-03-20T03:28:26.011258+00:00' AIRFLOW_CTX_TRY_NUMBER='1' AIRFLOW_CTX_DAG_RUN_ID='manual__2026-03-20T03:28:26.011258+00:00'
[2026-03-20T03:28:50.972+0000] {taskinstance.py:430} INFO - ::endgroup::
[2026-03-20T03:28:50.992+0000] {subprocess.py:63} INFO - Tmp dir root location: /tmp
[2026-03-20T03:28:50.994+0000] {subprocess.py:75} INFO - Running command: ['/usr/bin/bash', '-c', 'python3 /opt/pipeline/src/producer/faker_producer.py --num-events 500 --sleep-seconds 0.1']
[2026-03-20T03:28:51.015+0000] {subprocess.py:86} INFO - Output:
[2026-03-20T03:28:51.225+0000] {subprocess.py:93} INFO - Traceback (most recent call last):
[2026-03-20T03:28:51.225+0000] {subprocess.py:93} INFO -   File "/opt/pipeline/src/producer/faker_producer.py", line 7, in <module>
[2026-03-20T03:28:51.226+0000] {subprocess.py:93} INFO -     from faker import Faker
[2026-03-20T03:28:51.226+0000] {subprocess.py:93} INFO - ModuleNotFoundError: No module named 'faker'
[2026-03-20T03:28:51.233+0000] {subprocess.py:97} INFO - Command exited with return code 1
[2026-03-20T03:28:51.234+0000] {taskinstance.py:441} INFO - ::group::Post task execution logs
[2026-03-20T03:28:51.252+0000] {taskinstance.py:2905} ERROR - Task failed with exception
Traceback (most recent call last):
  File "/home/airflow/.local/lib/python3.10/site-packages/airflow/models/taskinstance.py", line 465, in _execute_task
    result = _execute_callable(context=context, **execute_callable_kwargs)
  File "/home/airflow/.local/lib/python3.10/site-packages/airflow/models/taskinstance.py", line 432, in _execute_callable
    return execute_callable(context=context, **execute_callable_kwargs)
  File "/home/airflow/.local/lib/python3.10/site-packages/airflow/models/baseoperator.py", line 400, in wrapper
    return func(self, *args, **kwargs)
  File "/home/airflow/.local/lib/python3.10/site-packages/airflow/operators/bash.py", line 243, in execute
    raise AirflowException(
airflow.exceptions.AirflowException: Bash command failed. The command returned a non-zero exit code 1.
[2026-03-20T03:28:51.261+0000] {taskinstance.py:1206} INFO - Marking task as UP_FOR_RETRY. dag_id=taxiops_pipeline, task_id=produce_events, run_id=manual__2026-03-20T03:28:26.011258+00:00, execution_date=20260320T032826, start_date=20260320T032850, end_date=20260320T032851
[2026-03-20T03:28:51.283+0000] {standard_task_runner.py:110} ERROR - Failed to execute job 53 for task produce_events (Bash command failed. The command returned a non-zero exit code 1.; 192)
[2026-03-20T03:28:51.338+0000] {local_task_job_runner.py:240} INFO - Task exited with return code 1
[2026-03-20T03:28:51.372+0000] {taskinstance.py:3498} INFO - 0 downstream tasks scheduled from follow-on schedule check
[2026-03-20T03:28:51.378+0000] {local_task_job_runner.py:222} INFO - ::endgroup::
