[2026-03-20T02:58:20.359+0000] {local_task_job_runner.py:120} INFO - ::group::Pre task execution logs
[2026-03-20T02:58:20.454+0000] {taskinstance.py:2076} INFO - Dependencies all met for dep_context=non-requeueable deps ti=<TaskInstance: taxiops_pipeline.produce_events manual__2026-03-20T02:56:12.795906+00:00 [queued]>
[2026-03-20T02:58:20.465+0000] {taskinstance.py:2076} INFO - Dependencies all met for dep_context=requeueable deps ti=<TaskInstance: taxiops_pipeline.produce_events manual__2026-03-20T02:56:12.795906+00:00 [queued]>
[2026-03-20T02:58:20.465+0000] {taskinstance.py:2306} INFO - Starting attempt 2 of 2
[2026-03-20T02:58:20.493+0000] {taskinstance.py:2330} INFO - Executing <Task(BashOperator): produce_events> on 2026-03-20 02:56:12.795906+00:00
[2026-03-20T02:58:20.502+0000] {standard_task_runner.py:63} INFO - Started process 313 to run task
[2026-03-20T02:58:20.507+0000] {standard_task_runner.py:90} INFO - Running: ['***', 'tasks', 'run', 'taxiops_pipeline', 'produce_events', 'manual__2026-03-20T02:56:12.795906+00:00', '--job-id', '11', '--raw', '--subdir', 'DAGS_FOLDER/taxiops_dag.py', '--cfg-path', '/tmp/tmpny9sydg1']
[2026-03-20T02:58:20.511+0000] {standard_task_runner.py:91} INFO - Job 11: Subtask produce_events
[2026-03-20T02:58:20.586+0000] {task_command.py:426} INFO - Running <TaskInstance: taxiops_pipeline.produce_events manual__2026-03-20T02:56:12.795906+00:00 [running]> on host 7d088cdb0451
[2026-03-20T02:58:20.700+0000] {taskinstance.py:2648} INFO - Exporting env vars: AIRFLOW_CTX_DAG_OWNER='team' AIRFLOW_CTX_DAG_ID='taxiops_pipeline' AIRFLOW_CTX_TASK_ID='produce_events' AIRFLOW_CTX_EXECUTION_DATE='2026-03-20T02:56:12.795906+00:00' AIRFLOW_CTX_TRY_NUMBER='2' AIRFLOW_CTX_DAG_RUN_ID='manual__2026-03-20T02:56:12.795906+00:00'
[2026-03-20T02:58:20.701+0000] {taskinstance.py:430} INFO - ::endgroup::
[2026-03-20T02:58:20.778+0000] {subprocess.py:63} INFO - Tmp dir root location: /tmp
[2026-03-20T02:58:20.784+0000] {subprocess.py:75} INFO - Running command: ['/usr/bin/bash', '-c', 'python3 /opt/pipeline/src/producer/faker_producer.py --num-events 500 --sleep-seconds 0.1']
[2026-03-20T02:58:20.816+0000] {subprocess.py:86} INFO - Output:
[2026-03-20T02:58:21.113+0000] {subprocess.py:93} INFO - Traceback (most recent call last):
[2026-03-20T02:58:21.121+0000] {subprocess.py:93} INFO -   File "/opt/pipeline/src/producer/faker_producer.py", line 6, in <module>
[2026-03-20T02:58:21.122+0000] {subprocess.py:93} INFO -     from datetime import datetime, timedelta, UTC
[2026-03-20T02:58:21.122+0000] {subprocess.py:93} INFO - ImportError: cannot import name 'UTC' from 'datetime' (/usr/local/lib/python3.10/datetime.py)
[2026-03-20T02:58:21.128+0000] {subprocess.py:97} INFO - Command exited with return code 1
[2026-03-20T02:58:21.131+0000] {taskinstance.py:441} INFO - ::group::Post task execution logs
[2026-03-20T02:58:21.335+0000] {taskinstance.py:2905} ERROR - Task failed with exception
Traceback (most recent call last):
  File "/home/airflow/.local/lib/python3.10/site-packages/airflow/models/taskinstance.py", line 465, in _execute_task
    result = _execute_callable(context=context, **execute_callable_kwargs)
  File "/home/airflow/.local/lib/python3.10/site-packages/airflow/models/taskinstance.py", line 432, in _execute_callable
    return execute_callable(context=context, **execute_callable_kwargs)
  File "/home/airflow/.local/lib/python3.10/site-packages/airflow/models/baseoperator.py", line 400, in wrapper
    return func(self, *args, **kwargs)
  File "/home/airflow/.local/lib/python3.10/site-packages/airflow/operators/bash.py", line 243, in execute
    raise AirflowException(
airflow.exceptions.AirflowException: Bash command failed. The command returned a non-zero exit code 1.
[2026-03-20T02:58:21.360+0000] {taskinstance.py:1206} INFO - Marking task as FAILED. dag_id=taxiops_pipeline, task_id=produce_events, run_id=manual__2026-03-20T02:56:12.795906+00:00, execution_date=20260320T025612, start_date=20260320T025820, end_date=20260320T025821
[2026-03-20T02:58:21.393+0000] {standard_task_runner.py:110} ERROR - Failed to execute job 11 for task produce_events (Bash command failed. The command returned a non-zero exit code 1.; 313)
[2026-03-20T02:58:21.442+0000] {local_task_job_runner.py:240} INFO - Task exited with return code 1
[2026-03-20T02:58:21.721+0000] {taskinstance.py:3498} INFO - 0 downstream tasks scheduled from follow-on schedule check
[2026-03-20T02:58:21.735+0000] {local_task_job_runner.py:222} INFO - ::endgroup::
