[2026-03-20T02:56:17.644+0000] {local_task_job_runner.py:120} INFO - ::group::Pre task execution logs
[2026-03-20T02:56:17.771+0000] {taskinstance.py:2076} INFO - Dependencies all met for dep_context=non-requeueable deps ti=<TaskInstance: taxiops_pipeline.produce_events manual__2026-03-20T02:56:12.795906+00:00 [queued]>
[2026-03-20T02:56:17.784+0000] {taskinstance.py:2076} INFO - Dependencies all met for dep_context=requeueable deps ti=<TaskInstance: taxiops_pipeline.produce_events manual__2026-03-20T02:56:12.795906+00:00 [queued]>
[2026-03-20T02:56:17.784+0000] {taskinstance.py:2306} INFO - Starting attempt 1 of 2
[2026-03-20T02:56:17.814+0000] {taskinstance.py:2330} INFO - Executing <Task(BashOperator): produce_events> on 2026-03-20 02:56:12.795906+00:00
[2026-03-20T02:56:17.824+0000] {standard_task_runner.py:63} INFO - Started process 290 to run task
[2026-03-20T02:56:17.829+0000] {standard_task_runner.py:90} INFO - Running: ['***', 'tasks', 'run', 'taxiops_pipeline', 'produce_events', 'manual__2026-03-20T02:56:12.795906+00:00', '--job-id', '10', '--raw', '--subdir', 'DAGS_FOLDER/taxiops_dag.py', '--cfg-path', '/tmp/tmpc_pbzkuv']
[2026-03-20T02:56:17.832+0000] {standard_task_runner.py:91} INFO - Job 10: Subtask produce_events
[2026-03-20T02:56:17.912+0000] {task_command.py:426} INFO - Running <TaskInstance: taxiops_pipeline.produce_events manual__2026-03-20T02:56:12.795906+00:00 [running]> on host 7d088cdb0451
[2026-03-20T02:56:18.038+0000] {taskinstance.py:2648} INFO - Exporting env vars: AIRFLOW_CTX_DAG_OWNER='team' AIRFLOW_CTX_DAG_ID='taxiops_pipeline' AIRFLOW_CTX_TASK_ID='produce_events' AIRFLOW_CTX_EXECUTION_DATE='2026-03-20T02:56:12.795906+00:00' AIRFLOW_CTX_TRY_NUMBER='1' AIRFLOW_CTX_DAG_RUN_ID='manual__2026-03-20T02:56:12.795906+00:00'
[2026-03-20T02:56:18.039+0000] {taskinstance.py:430} INFO - ::endgroup::
[2026-03-20T02:56:18.113+0000] {subprocess.py:63} INFO - Tmp dir root location: /tmp
[2026-03-20T02:56:18.117+0000] {subprocess.py:75} INFO - Running command: ['/usr/bin/bash', '-c', 'python3 /opt/pipeline/src/producer/faker_producer.py --num-events 500 --sleep-seconds 0.1']
[2026-03-20T02:56:18.145+0000] {subprocess.py:86} INFO - Output:
[2026-03-20T02:56:18.462+0000] {subprocess.py:93} INFO - Traceback (most recent call last):
[2026-03-20T02:56:18.472+0000] {subprocess.py:93} INFO -   File "/opt/pipeline/src/producer/faker_producer.py", line 6, in <module>
[2026-03-20T02:56:18.472+0000] {subprocess.py:93} INFO -     from datetime import datetime, timedelta, UTC
[2026-03-20T02:56:18.473+0000] {subprocess.py:93} INFO - ImportError: cannot import name 'UTC' from 'datetime' (/usr/local/lib/python3.10/datetime.py)
[2026-03-20T02:56:18.475+0000] {subprocess.py:97} INFO - Command exited with return code 1
[2026-03-20T02:56:18.476+0000] {taskinstance.py:441} INFO - ::group::Post task execution logs
[2026-03-20T02:56:18.647+0000] {taskinstance.py:2905} ERROR - Task failed with exception
Traceback (most recent call last):
  File "/home/airflow/.local/lib/python3.10/site-packages/airflow/models/taskinstance.py", line 465, in _execute_task
    result = _execute_callable(context=context, **execute_callable_kwargs)
  File "/home/airflow/.local/lib/python3.10/site-packages/airflow/models/taskinstance.py", line 432, in _execute_callable
    return execute_callable(context=context, **execute_callable_kwargs)
  File "/home/airflow/.local/lib/python3.10/site-packages/airflow/models/baseoperator.py", line 400, in wrapper
    return func(self, *args, **kwargs)
  File "/home/airflow/.local/lib/python3.10/site-packages/airflow/operators/bash.py", line 243, in execute
    raise AirflowException(
airflow.exceptions.AirflowException: Bash command failed. The command returned a non-zero exit code 1.
[2026-03-20T02:56:18.658+0000] {taskinstance.py:1206} INFO - Marking task as UP_FOR_RETRY. dag_id=taxiops_pipeline, task_id=produce_events, run_id=manual__2026-03-20T02:56:12.795906+00:00, execution_date=20260320T025612, start_date=20260320T025617, end_date=20260320T025618
[2026-03-20T02:56:18.683+0000] {standard_task_runner.py:110} ERROR - Failed to execute job 10 for task produce_events (Bash command failed. The command returned a non-zero exit code 1.; 290)
[2026-03-20T02:56:18.725+0000] {local_task_job_runner.py:240} INFO - Task exited with return code 1
[2026-03-20T02:56:18.823+0000] {taskinstance.py:3498} INFO - 0 downstream tasks scheduled from follow-on schedule check
[2026-03-20T02:56:18.829+0000] {local_task_job_runner.py:222} INFO - ::endgroup::
