[2026-03-20T03:28:48.287+0000] {local_task_job_runner.py:120} INFO - ::group::Pre task execution logs
[2026-03-20T03:28:48.462+0000] {taskinstance.py:2076} INFO - Dependencies all met for dep_context=non-requeueable deps ti=<TaskInstance: taxiops_pipeline.cleanup_data manual__2026-03-20T03:28:26.011258+00:00 [queued]>
[2026-03-20T03:28:48.478+0000] {taskinstance.py:2076} INFO - Dependencies all met for dep_context=requeueable deps ti=<TaskInstance: taxiops_pipeline.cleanup_data manual__2026-03-20T03:28:26.011258+00:00 [queued]>
[2026-03-20T03:28:48.478+0000] {taskinstance.py:2306} INFO - Starting attempt 1 of 2
[2026-03-20T03:28:48.509+0000] {taskinstance.py:2330} INFO - Executing <Task(BashOperator): cleanup_data> on 2026-03-20 03:28:26.011258+00:00
[2026-03-20T03:28:48.524+0000] {standard_task_runner.py:63} INFO - Started process 189 to run task
[2026-03-20T03:28:48.548+0000] {standard_task_runner.py:90} INFO - Running: ['***', 'tasks', 'run', 'taxiops_pipeline', 'cleanup_data', 'manual__2026-03-20T03:28:26.011258+00:00', '--job-id', '52', '--raw', '--subdir', 'DAGS_FOLDER/taxiops_dag.py', '--cfg-path', '/tmp/tmp54igen85']
[2026-03-20T03:28:48.568+0000] {standard_task_runner.py:91} INFO - Job 52: Subtask cleanup_data
[2026-03-20T03:28:48.768+0000] {task_command.py:426} INFO - Running <TaskInstance: taxiops_pipeline.cleanup_data manual__2026-03-20T03:28:26.011258+00:00 [running]> on host 5c022f35b1f4
[2026-03-20T03:28:49.031+0000] {taskinstance.py:2648} INFO - Exporting env vars: AIRFLOW_CTX_DAG_OWNER='team' AIRFLOW_CTX_DAG_ID='taxiops_pipeline' AIRFLOW_CTX_TASK_ID='cleanup_data' AIRFLOW_CTX_EXECUTION_DATE='2026-03-20T03:28:26.011258+00:00' AIRFLOW_CTX_TRY_NUMBER='1' AIRFLOW_CTX_DAG_RUN_ID='manual__2026-03-20T03:28:26.011258+00:00'
[2026-03-20T03:28:49.032+0000] {taskinstance.py:430} INFO - ::endgroup::
[2026-03-20T03:28:49.131+0000] {subprocess.py:63} INFO - Tmp dir root location: /tmp
[2026-03-20T03:28:49.134+0000] {subprocess.py:75} INFO - Running command: ['/usr/bin/bash', '-c', 'rm -rf /opt/pipeline/data/bronze /opt/pipeline/data/silver /opt/pipeline/data/gold /opt/pipeline/data/checkpoints']
[2026-03-20T03:28:49.168+0000] {subprocess.py:86} INFO - Output:
[2026-03-20T03:28:49.201+0000] {subprocess.py:97} INFO - Command exited with return code 0
[2026-03-20T03:28:49.202+0000] {taskinstance.py:441} INFO - ::group::Post task execution logs
[2026-03-20T03:28:49.256+0000] {taskinstance.py:1206} INFO - Marking task as SUCCESS. dag_id=taxiops_pipeline, task_id=cleanup_data, run_id=manual__2026-03-20T03:28:26.011258+00:00, execution_date=20260320T032826, start_date=20260320T032848, end_date=20260320T032849
[2026-03-20T03:28:49.328+0000] {local_task_job_runner.py:240} INFO - Task exited with return code 0
[2026-03-20T03:28:49.370+0000] {taskinstance.py:3498} INFO - 1 downstream tasks scheduled from follow-on schedule check
[2026-03-20T03:28:49.376+0000] {local_task_job_runner.py:222} INFO - ::endgroup::
