[2026-03-20T04:21:40.060+0000] {local_task_job_runner.py:120} INFO - ::group::Pre task execution logs
[2026-03-20T04:21:40.139+0000] {taskinstance.py:2076} INFO - Dependencies all met for dep_context=non-requeueable deps ti=<TaskInstance: taxiops_pipeline.produce_events scheduled__2026-03-19T00:00:00+00:00 [queued]>
[2026-03-20T04:21:40.150+0000] {taskinstance.py:2076} INFO - Dependencies all met for dep_context=requeueable deps ti=<TaskInstance: taxiops_pipeline.produce_events scheduled__2026-03-19T00:00:00+00:00 [queued]>
[2026-03-20T04:21:40.150+0000] {taskinstance.py:2306} INFO - Starting attempt 1 of 2
[2026-03-20T04:21:40.172+0000] {taskinstance.py:2330} INFO - Executing <Task(BashOperator): produce_events> on 2026-03-19 00:00:00+00:00
[2026-03-20T04:21:40.181+0000] {standard_task_runner.py:63} INFO - Started process 212 to run task
[2026-03-20T04:21:40.186+0000] {standard_task_runner.py:90} INFO - Running: ['***', 'tasks', 'run', 'taxiops_pipeline', 'produce_events', 'scheduled__2026-03-19T00:00:00+00:00', '--job-id', '3', '--raw', '--subdir', 'DAGS_FOLDER/taxiops_dag.py', '--cfg-path', '/tmp/tmppoa27qek']
[2026-03-20T04:21:40.188+0000] {standard_task_runner.py:91} INFO - Job 3: Subtask produce_events
[2026-03-20T04:21:40.270+0000] {task_command.py:426} INFO - Running <TaskInstance: taxiops_pipeline.produce_events scheduled__2026-03-19T00:00:00+00:00 [running]> on host d0c122b3e6f8
[2026-03-20T04:21:40.428+0000] {taskinstance.py:2648} INFO - Exporting env vars: AIRFLOW_CTX_DAG_OWNER='team' AIRFLOW_CTX_DAG_ID='taxiops_pipeline' AIRFLOW_CTX_TASK_ID='produce_events' AIRFLOW_CTX_EXECUTION_DATE='2026-03-19T00:00:00+00:00' AIRFLOW_CTX_TRY_NUMBER='1' AIRFLOW_CTX_DAG_RUN_ID='scheduled__2026-03-19T00:00:00+00:00'
[2026-03-20T04:21:40.431+0000] {taskinstance.py:430} INFO - ::endgroup::
[2026-03-20T04:21:40.502+0000] {subprocess.py:63} INFO - Tmp dir root location: /tmp
[2026-03-20T04:21:40.504+0000] {subprocess.py:75} INFO - Running command: ['/usr/bin/bash', '-c', 'python3 /opt/pipeline/src/producer/faker_producer.py --num-events 500 --sleep-seconds 0.1']
[2026-03-20T04:21:40.545+0000] {subprocess.py:86} INFO - Output:
[2026-03-20T04:22:03.068+0000] {subprocess.py:93} INFO - Traceback (most recent call last):
[2026-03-20T04:22:03.081+0000] {subprocess.py:93} INFO -   File "/opt/pipeline/src/producer/faker_producer.py", line 96, in <module>
[2026-03-20T04:22:03.082+0000] {subprocess.py:93} INFO -     main()
[2026-03-20T04:22:03.082+0000] {subprocess.py:93} INFO -   File "/opt/pipeline/src/producer/faker_producer.py", line 68, in main
[2026-03-20T04:22:03.082+0000] {subprocess.py:93} INFO -     producer = KafkaProducer(
[2026-03-20T04:22:03.083+0000] {subprocess.py:93} INFO -   File "/home/***/.local/lib/python3.10/site-packages/kafka/producer/kafka.py", line 485, in __init__
[2026-03-20T04:22:03.083+0000] {subprocess.py:93} INFO -     client = self.config['kafka_client'](
[2026-03-20T04:22:03.083+0000] {subprocess.py:93} INFO -   File "/home/***/.local/lib/python3.10/site-packages/kafka/client_async.py", line 262, in __init__
[2026-03-20T04:22:03.083+0000] {subprocess.py:93} INFO -     self.config['api_version'] = self.check_version()
[2026-03-20T04:22:03.084+0000] {subprocess.py:93} INFO -   File "/home/***/.local/lib/python3.10/site-packages/kafka/client_async.py", line 1076, in check_version
[2026-03-20T04:22:03.084+0000] {subprocess.py:93} INFO -     raise Errors.NoBrokersAvailable()
[2026-03-20T04:22:03.084+0000] {subprocess.py:93} INFO - kafka.errors.NoBrokersAvailable: NoBrokersAvailable
[2026-03-20T04:22:03.314+0000] {subprocess.py:97} INFO - Command exited with return code 1
[2026-03-20T04:22:03.339+0000] {taskinstance.py:441} INFO - ::group::Post task execution logs
[2026-03-20T04:22:04.943+0000] {taskinstance.py:2905} ERROR - Task failed with exception
Traceback (most recent call last):
  File "/home/airflow/.local/lib/python3.10/site-packages/airflow/models/taskinstance.py", line 465, in _execute_task
    result = _execute_callable(context=context, **execute_callable_kwargs)
  File "/home/airflow/.local/lib/python3.10/site-packages/airflow/models/taskinstance.py", line 432, in _execute_callable
    return execute_callable(context=context, **execute_callable_kwargs)
  File "/home/airflow/.local/lib/python3.10/site-packages/airflow/models/baseoperator.py", line 400, in wrapper
    return func(self, *args, **kwargs)
  File "/home/airflow/.local/lib/python3.10/site-packages/airflow/operators/bash.py", line 243, in execute
    raise AirflowException(
airflow.exceptions.AirflowException: Bash command failed. The command returned a non-zero exit code 1.
[2026-03-20T04:22:04.982+0000] {taskinstance.py:1206} INFO - Marking task as UP_FOR_RETRY. dag_id=taxiops_pipeline, task_id=produce_events, run_id=scheduled__2026-03-19T00:00:00+00:00, execution_date=20260319T000000, start_date=20260320T042140, end_date=20260320T042204
[2026-03-20T04:22:05.019+0000] {standard_task_runner.py:110} ERROR - Failed to execute job 3 for task produce_events (Bash command failed. The command returned a non-zero exit code 1.; 212)
[2026-03-20T04:22:05.545+0000] {local_task_job_runner.py:240} INFO - Task exited with return code 1
[2026-03-20T04:22:05.610+0000] {taskinstance.py:3498} INFO - 0 downstream tasks scheduled from follow-on schedule check
[2026-03-20T04:22:05.617+0000] {local_task_job_runner.py:222} INFO - ::endgroup::
